Log file open, 04/08/18 01:26:21
LogWindows: Failed to load 'aqProf.dll' (GetLastError=126)
LogWindows: File 'aqProf.dll' does not exist
LogWindows: Failed to load 'VtuneApi.dll' (GetLastError=126)
LogWindows: File 'VtuneApi.dll' does not exist
LogWindows: Failed to load 'VtuneApi32e.dll' (GetLastError=126)
LogWindows: File 'VtuneApi32e.dll' does not exist
LogInit: Display: Running engine for game: UnrealTutorial
LogPlatformFile: Not using cached read wrapper
LogInit: Display: RandInit(2046103477) SRandInit(2046103477).
LogInit: Read version file with build ID '3944462'
LogInit: Overriding engine version to CL 3944462, compatible CL 3944462
LogInit: Registered custom module enumerator with build ID '3944462'
LogTaskGraph: Started task graph with 5 named threads and 11 total threads with 3 sets of task threads.
LogStats: Stats thread started at 0.199863
LogD3D11RHI: Aftermath initialized
LogICUInternationalization: Display: ICU TimeZone Detection - Raw Offset: -6:00, Platform Override: ''
LogModuleManager: Display: Found up-to-date module file ../../../Engine/Plugins/2D/Paper2D/Binaries/Win64/UE4Editor-Paper2D.dll (API version 3944462).
LogModuleManager: Display: Found up-to-date module file ../../../Engine/Plugins/2D/Paper2D/Binaries/Win64/UE4Editor-Paper2DEditor.dll (API version 3944462).
LogModuleManager: Display: Found up-to-date module file ../../../Engine/Plugins/2D/Paper2D/Binaries/Win64/UE4Editor-PaperSpriteSheetImporter.dll (API version 3944462).
LogModuleManager: Display: Found up-to-date module file ../../../Engine/Plugins/2D/Paper2D/Binaries/Win64/UE4Editor-PaperTiledImporter.dll (API version 3944462).
LogModuleManager: Display: Found up-to-date module file ../../../Engine/Plugins/2D/Paper2D/Binaries/Win64/UE4Editor-SmartSnapping.dll (API version 3944462).
LogModuleManager: Display: Found up-to-date module file ../../../Engine/Plugins/Blendables/LightPropagationVolume/Binaries/Win64/UE4Editor-LightPropagationVolumeRuntime.dll (API version 3944462).
LogModuleManager: Display: Found up-to-date module file ../../../Engine/Plugins/Blendables/LightPropagationVolume/Binaries/Win64/UE4Editor-LightPropagationVolumeEditor.dll (API version 3944462).
LogModuleManager: Display: Found up-to-date module file ../../../Engine/Plugins/Developer/CLionSourceCodeAccess/Binaries/Win64/UE4Editor-CLionSourceCodeAccess.dll (API version 3944462).
LogModuleManager: Display: Found up-to-date module file ../../../Engine/Plugins/Developer/GitSourceControl/Binaries/Win64/UE4Editor-GitSourceControl.dll (API version 3944462).
LogModuleManager: Display: Found up-to-date module file ../../../Engine/Plugins/Developer/PerforceSourceControl/Binaries/Win64/UE4Editor-PerforceSourceControl.dll (API version 3944462).
LogModuleManager: Display: Found up-to-date module file ../../../Engine/Plugins/Developer/SubversionSourceControl/Binaries/Win64/UE4Editor-SubversionSourceControl.dll (API version 3944462).
LogModuleManager: Display: Found up-to-date module file ../../../Engine/Plugins/Developer/UObjectPlugin/Binaries/Win64/UE4Editor-UObjectPlugin.dll (API version 3944462).
LogModuleManager: Display: Found up-to-date module file ../../../Engine/Plugins/Developer/VisualStudioCodeSourceCodeAccess/Binaries/Win64/UE4Editor-VisualStudioCodeSourceCodeAccess.dll (API version 3944462).
LogModuleManager: Display: Found up-to-date module file ../../../Engine/Plugins/Developer/VisualStudioSourceCodeAccess/Binaries/Win64/UE4Editor-VisualStudioSourceCodeAccess.dll (API version 3944462).
LogModuleManager: Display: Found up-to-date module file ../../../Engine/Plugins/Editor/AssetManagerEditor/Binaries/Win64/UE4Editor-AssetManagerEditor.dll (API version 3944462).
LogModuleManager: Display: Found up-to-date module file ../../../Engine/Plugins/Editor/CryptoKeys/Binaries/Win64/UE4Editor-CryptoKeys.dll (API version 3944462).
LogModuleManager: Display: Found up-to-date module file ../../../Engine/Plugins/Editor/CryptoKeys/Binaries/Win64/UE4Editor-CryptoKeysOpenSSL.dll (API version 3944462).
LogModuleManager: Display: Found up-to-date module file ../../../Engine/Plugins/Editor/DataValidation/Binaries/Win64/UE4Editor-DataValidation.dll (API version 3944462).
LogModuleManager: Display: Found up-to-date module file ../../../Engine/Plugins/Editor/FacialAnimation/Binaries/Win64/UE4Editor-FacialAnimation.dll (API version 3944462).
LogModuleManager: Display: Found up-to-date module file ../../../Engine/Plugins/Editor/FacialAnimation/Binaries/Win64/UE4Editor-FacialAnimationEditor.dll (API version 3944462).
LogModuleManager: Display: Found up-to-date module file ../../../Engine/Plugins/Editor/GameplayTagsEditor/Binaries/Win64/UE4Editor-GameplayTagsEditor.dll (API version 3944462).
LogModuleManager: Display: Found up-to-date module file ../../../Engine/Plugins/Editor/MobileLauncherProfileWizard/Binaries/Win64/UE4Editor-MobileLauncherProfileWizard.dll (API version 3944462).
LogModuleManager: Display: Found up-to-date module file ../../../Engine/Plugins/Editor/PluginBrowser/Binaries/Win64/UE4Editor-PluginBrowser.dll (API version 3944462).
LogModuleManager: Display: Found up-to-date module file ../../../Engine/Plugins/Editor/SpeedTreeImporter/Binaries/Win64/UE4Editor-SpeedTreeImporter.dll (API version 3944462).
LogModuleManager: Display: Found up-to-date module file ../../../Engine/Plugins/Enterprise/DatasmithContent/Binaries/Win64/UE4Editor-DatasmithContent.dll (API version 3944462).
LogModuleManager: Display: Found up-to-date module file ../../../Engine/Plugins/Experimental/AlembicImporter/Binaries/Win64/UE4Editor-AlembicImporter.dll (API version 3944462).
LogModuleManager: Display: Found up-to-date module file ../../../Engine/Plugins/Experimental/AlembicImporter/Binaries/Win64/UE4Editor-AlembicLibrary.dll (API version 3944462).
LogModuleManager: Display: Found up-to-date module file ../../../Engine/Plugins/Experimental/CharacterAI/Binaries/Win64/UE4Editor-CharacterAI.dll (API version 3944462).
LogModuleManager: Display: Found up-to-date module file ../../../Engine/Plugins/Experimental/HTML5Networking/Binaries/Win64/UE4Editor-HTML5Networking.dll (API version 3944462).
LogModuleManager: Display: Found up-to-date module file ../../../Engine/Plugins/Media/AndroidMedia/Binaries/Win64/UE4Editor-AndroidMediaEditor.dll (API version 3944462).
LogModuleManager: Display: Found up-to-date module file ../../../Engine/Plugins/Media/AndroidMedia/Binaries/Win64/UE4Editor-AndroidMediaFactory.dll (API version 3944462).
LogModuleManager: Display: Found up-to-date module file ../../../Engine/Plugins/Media/AvfMedia/Binaries/Win64/UE4Editor-AvfMediaEditor.dll (API version 3944462).
LogModuleManager: Display: Found up-to-date module file ../../../Engine/Plugins/Media/AvfMedia/Binaries/Win64/UE4Editor-AvfMediaFactory.dll (API version 3944462).
LogModuleManager: Display: Found up-to-date module file ../../../Engine/Plugins/Media/AvfMedia/Binaries/Win64/UE4Editor-AvfMediaFactory.dll (API version 3944462).
LogModuleManager: Display: Found up-to-date module file ../../../Engine/Plugins/Media/ImgMedia/Binaries/Win64/UE4Editor-ImgMedia.dll (API version 3944462).
LogModuleManager: Display: Found up-to-date module file ../../../Engine/Plugins/Media/ImgMedia/Binaries/Win64/UE4Editor-ImgMediaEditor.dll (API version 3944462).
LogModuleManager: Display: Found up-to-date module file ../../../Engine/Plugins/Media/ImgMedia/Binaries/Win64/UE4Editor-ImgMediaFactory.dll (API version 3944462).
LogModuleManager: Display: Found up-to-date module file ../../../Engine/Plugins/Media/ImgMedia/Binaries/Win64/UE4Editor-ImgMediaFactory.dll (API version 3944462).
LogModuleManager: Display: Found up-to-date module file ../../../Engine/Plugins/Media/ImgMedia/Binaries/Win64/UE4Editor-OpenExrWrapper.dll (API version 3944462).
LogModuleManager: Display: Found up-to-date module file ../../../Engine/Plugins/Media/LinearTimecode/Binaries/Win64/UE4Editor-LinearTimecode.dll (API version 3944462).
LogModuleManager: Display: Found up-to-date module file ../../../Engine/Plugins/Media/MediaCompositing/Binaries/Win64/UE4Editor-MediaCompositing.dll (API version 3944462).
LogModuleManager: Display: Found up-to-date module file ../../../Engine/Plugins/Media/MediaCompositing/Binaries/Win64/UE4Editor-MediaCompositingEditor.dll (API version 3944462).
LogModuleManager: Display: Found up-to-date module file ../../../Engine/Plugins/Media/MediaPlayerEditor/Binaries/Win64/UE4Editor-MediaPlayerEditor.dll (API version 3944462).
LogModuleManager: Display: Found up-to-date module file ../../../Engine/Plugins/Media/WmfMedia/Binaries/Win64/UE4Editor-WmfMedia.dll (API version 3944462).
LogModuleManager: Display: Found up-to-date module file ../../../Engine/Plugins/Media/WmfMedia/Binaries/Win64/UE4Editor-WmfMediaEditor.dll (API version 3944462).
LogModuleManager: Display: Found up-to-date module file ../../../Engine/Plugins/Media/WmfMedia/Binaries/Win64/UE4Editor-WmfMediaFactory.dll (API version 3944462).
LogModuleManager: Display: Found up-to-date module file ../../../Engine/Plugins/Media/WmfMedia/Binaries/Win64/UE4Editor-WmfMediaFactory.dll (API version 3944462).
LogModuleManager: Display: Found up-to-date module file ../../../Engine/Plugins/Messaging/TcpMessaging/Binaries/Win64/UE4Editor-TcpMessaging.dll (API version 3944462).
LogModuleManager: Display: Found up-to-date module file ../../../Engine/Plugins/Messaging/UdpMessaging/Binaries/Win64/UE4Editor-UdpMessaging.dll (API version 3944462).
LogModuleManager: Display: Found up-to-date module file ../../../Engine/Plugins/MovieScene/ActorSequence/Binaries/Win64/UE4Editor-ActorSequence.dll (API version 3944462).
LogModuleManager: Display: Found up-to-date module file ../../../Engine/Plugins/MovieScene/LevelSequenceEditor/Binaries/Win64/UE4Editor-LevelSequenceEditor.dll (API version 3944462).
LogModuleManager: Display: Found up-to-date module file ../../../Engine/Plugins/MovieScene/MatineeToLevelSequence/Binaries/Win64/UE4Editor-MatineeToLevelSequence.dll (API version 3944462).
LogModuleManager: Display: Found up-to-date module file ../../../Engine/Plugins/NetcodeUnitTest/NetcodeUnitTest/Binaries/Win64/UE4Editor-NetcodeUnitTest.dll (API version 3944462).
LogModuleManager: Display: Found up-to-date module file ../../../Engine/Plugins/NetcodeUnitTest/NUTUnrealEngine4/Binaries/Win64/UE4Editor-NUTUnrealEngine4.dll (API version 3944462).
LogModuleManager: Display: Found up-to-date module file ../../../Engine/Plugins/Online/OnlineSubsystem/Binaries/Win64/UE4Editor-OnlineSubsystem.dll (API version 3944462).
LogModuleManager: Display: Found up-to-date module file ../../../Engine/Plugins/Runtime/AndroidPermission/Binaries/Win64/UE4Editor-AndroidPermission.dll (API version 3944462).
LogModuleManager: Display: Found up-to-date module file ../../../Engine/Plugins/Online/OnlineSubsystemNull/Binaries/Win64/UE4Editor-OnlineSubsystemNull.dll (API version 3944462).
LogModuleManager: Display: Found up-to-date module file ../../../Engine/Plugins/Online/OnlineSubsystemUtils/Binaries/Win64/UE4Editor-OnlineSubsystemUtils.dll (API version 3944462).
LogModuleManager: Display: Found up-to-date module file ../../../Engine/Plugins/Online/OnlineSubsystemUtils/Binaries/Win64/UE4Editor-OnlineBlueprintSupport.dll (API version 3944462).
LogModuleManager: Display: Found up-to-date module file ../../../Engine/Plugins/Runtime/AndroidDeviceProfileSelector/Binaries/Win64/UE4Editor-AndroidDeviceProfileSelector.dll (API version 3944462).
LogModuleManager: Display: Found up-to-date module file ../../../Engine/Plugins/Runtime/AppleARKit/Binaries/Win64/UE4Editor-AppleARKit.dll (API version 3944462).
LogModuleManager: Display: Found up-to-date module file ../../../Engine/Plugins/Runtime/ProceduralMeshComponent/Binaries/Win64/UE4Editor-ProceduralMeshComponent.dll (API version 3944462).
LogModuleManager: Display: Found up-to-date module file ../../../Engine/Plugins/Runtime/ProceduralMeshComponent/Binaries/Win64/UE4Editor-ProceduralMeshComponentEditor.dll (API version 3944462).
LogModuleManager: Display: Found up-to-date module file ../../../Engine/Plugins/Animation/LiveLink/Binaries/Win64/UE4Editor-LiveLink.dll (API version 3944462).
LogModuleManager: Display: Found up-to-date module file ../../../Engine/Plugins/Animation/LiveLink/Binaries/Win64/UE4Editor-LiveLinkEditor.dll (API version 3944462).
LogModuleManager: Display: Found up-to-date module file ../../../Engine/Plugins/Runtime/ArchVisCharacter/Binaries/Win64/UE4Editor-ArchVisCharacter.dll (API version 3944462).
LogModuleManager: Display: Found up-to-date module file ../../../Engine/Plugins/Runtime/AudioCapture/Binaries/Win64/UE4Editor-AudioCapture.dll (API version 3944462).
LogModuleManager: Display: Found up-to-date module file ../../../Engine/Plugins/Runtime/AudioCapture/Binaries/Win64/UE4Editor-AudioCaptureEditor.dll (API version 3944462).
LogModuleManager: Display: Found up-to-date module file ../../../Engine/Plugins/Runtime/CableComponent/Binaries/Win64/UE4Editor-CableComponent.dll (API version 3944462).
LogModuleManager: Display: Found up-to-date module file ../../../Engine/Plugins/Runtime/CustomMeshComponent/Binaries/Win64/UE4Editor-CustomMeshComponent.dll (API version 3944462).
LogModuleManager: Display: Found up-to-date module file ../../../Engine/Plugins/Runtime/ExampleDeviceProfileSelector/Binaries/Win64/UE4Editor-ExampleDeviceProfileSelector.dll (API version 3944462).
LogModuleManager: Display: Found up-to-date module file ../../../Engine/Plugins/Runtime/ImmediatePhysics/Binaries/Win64/UE4Editor-ImmediatePhysics.dll (API version 3944462).
LogModuleManager: Display: Found up-to-date module file ../../../Engine/Plugins/Runtime/ImmediatePhysics/Binaries/Win64/UE4Editor-ImmediatePhysicsEditor.dll (API version 3944462).
LogModuleManager: Display: Found up-to-date module file ../../../Engine/Plugins/Runtime/LocationServicesBPLibrary/Binaries/Win64/UE4Editor-LocationServicesBPLibrary.dll (API version 3944462).
LogModuleManager: Display: Found up-to-date module file ../../../Engine/Plugins/Runtime/MobilePatchingUtils/Binaries/Win64/UE4Editor-MobilePatchingUtils.dll (API version 3944462).
LogModuleManager: Display: Found up-to-date module file ../../../Engine/Plugins/Runtime/Oculus/OculusVR/Binaries/Win64/UE4Editor-OculusHMD.dll (API version 3944462).
LogModuleManager: Display: Found up-to-date module file ../../../Engine/Plugins/Runtime/Oculus/OculusVR/Binaries/Win64/UE4Editor-OculusInput.dll (API version 3944462).
LogModuleManager: Display: Found up-to-date module file ../../../Engine/Plugins/Runtime/Oculus/OculusVR/Binaries/Win64/UE4Editor-OculusEditor.dll (API version 3944462).
LogModuleManager: Display: Found up-to-date module file ../../../Engine/Plugins/Runtime/PhysXVehicles/Binaries/Win64/UE4Editor-PhysXVehicles.dll (API version 3944462).
LogModuleManager: Display: Found up-to-date module file ../../../Engine/Plugins/Runtime/PhysXVehicles/Binaries/Win64/UE4Editor-PhysXVehiclesEditor.dll (API version 3944462).
LogModuleManager: Display: Found up-to-date module file ../../../Engine/Plugins/Runtime/RuntimePhysXCooking/Binaries/Win64/UE4Editor-RuntimePhysXCooking.dll (API version 3944462).
LogModuleManager: Display: Found up-to-date module file ../../../Engine/Plugins/Runtime/Steam/SteamVR/Binaries/Win64/UE4Editor-SteamVR.dll (API version 3944462).
LogModuleManager: Display: Found up-to-date module file ../../../Engine/Plugins/Runtime/Steam/SteamVR/Binaries/Win64/UE4Editor-SteamVRController.dll (API version 3944462).
LogModuleManager: Display: Found up-to-date module file ../../../Engine/Plugins/Runtime/WindowsMoviePlayer/Binaries/Win64/UE4Editor-WindowsMoviePlayer.dll (API version 3944462).
LogPluginManager: Mounting plugin Paper2D
LogPluginManager: Mounting plugin LiveLink
LogPluginManager: Mounting plugin LightPropagationVolume
LogPluginManager: Mounting plugin CLionSourceCodeAccess
LogPluginManager: Mounting plugin CodeLiteSourceCodeAccess
LogPluginManager: Mounting plugin GitSourceControl
LogPluginManager: Mounting plugin KDevelopSourceCodeAccess
LogPluginManager: Mounting plugin NullSourceCodeAccess
LogPluginManager: Mounting plugin PerforceSourceControl
LogPluginManager: Mounting plugin SubversionSourceControl
LogPluginManager: Mounting plugin UObjectPlugin
LogPluginManager: Mounting plugin VisualStudioCodeSourceCodeAccess
LogPluginManager: Mounting plugin VisualStudioSourceCodeAccess
LogPluginManager: Mounting plugin XCodeSourceCodeAccess
LogPluginManager: Mounting plugin AssetManagerEditor
LogPluginManager: Mounting plugin CryptoKeys
LogPluginManager: Mounting plugin DataValidation
LogPluginManager: Mounting plugin FacialAnimation
LogPluginManager: Mounting plugin GameplayTagsEditor
LogPluginManager: Mounting plugin MobileLauncherProfileWizard
LogPluginManager: Mounting plugin PluginBrowser
LogPluginManager: Mounting plugin SpeedTreeImporter
LogPluginManager: Mounting plugin DatasmithContent
LogPluginManager: Mounting plugin AlembicImporter
LogPluginManager: Mounting plugin CharacterAI
LogPluginManager: Mounting plugin HTML5Networking
LogPluginManager: Mounting plugin AndroidMedia
LogPluginManager: Mounting plugin AvfMedia
LogPluginManager: Mounting plugin ImgMedia
LogPluginManager: Mounting plugin LinearTimecode
LogPluginManager: Mounting plugin MediaCompositing
LogPluginManager: Mounting plugin MediaPlayerEditor
LogPluginManager: Mounting plugin WmfMedia
LogPluginManager: Mounting plugin TcpMessaging
LogPluginManager: Mounting plugin UdpMessaging
LogPluginManager: Mounting plugin ActorSequence
LogPluginManager: Mounting plugin LevelSequenceEditor
LogPluginManager: Mounting plugin MatineeToLevelSequence
LogPluginManager: Mounting plugin NetcodeUnitTest
LogPluginManager: Mounting plugin NUTUnrealEngine4
LogPluginManager: Mounting plugin OnlineSubsystemGooglePlay
LogPluginManager: Mounting plugin OnlineSubsystemIOS
LogPluginManager: Mounting plugin OnlineSubsystem
LogPluginManager: Mounting plugin OnlineSubsystemNull
LogPluginManager: Mounting plugin OnlineSubsystemUtils
LogPluginManager: Mounting plugin AndroidDeviceProfileSelector
LogPluginManager: Mounting plugin AndroidMoviePlayer
LogPluginManager: Mounting plugin AndroidPermission
LogPluginManager: Mounting plugin AppleARKit
LogPluginManager: Mounting plugin AppleMoviePlayer
LogPluginManager: Mounting plugin ArchVisCharacter
LogPluginManager: Mounting plugin AudioCapture
LogPluginManager: Mounting plugin CableComponent
LogPluginManager: Mounting plugin CustomMeshComponent
LogPluginManager: Mounting plugin ExampleDeviceProfileSelector
LogPluginManager: Mounting plugin GoogleCloudMessaging
LogPluginManager: Mounting plugin ImmediatePhysics
LogPluginManager: Mounting plugin IOSDeviceProfileSelector
LogPluginManager: Mounting plugin LinuxDeviceProfileSelector
LogPluginManager: Mounting plugin LocationServicesBPLibrary
LogPluginManager: Mounting plugin MobilePatchingUtils
LogPluginManager: Mounting plugin OculusVR
LogPluginManager: Plugin shader directory ../../../Engine/Plugins/Runtime/Oculus/OculusVR/Shaders found
LogPluginManager: Mapping shader source directory ../../../Engine/Plugins/Runtime/Oculus/OculusVR/Shaders to virtual directory /Plugin/OculusVR
LogPluginManager: Mounting plugin PhysXVehicles
LogPluginManager: Mounting plugin ProceduralMeshComponent
LogPluginManager: Mounting plugin RuntimePhysXCooking
LogPluginManager: Mounting plugin SteamVR
LogPluginManager: Mounting plugin WindowsMoviePlayer
LogStreaming: Display: Took  1.488s to configure plugins.
LogInit: Using libcurl 7.47.1
LogInit:  - built for x86_64-pc-win32
LogInit:  - supports SSL with OpenSSL/1.0.2g
LogInit:  - supports HTTP deflate (compression) using libz 1.2.8
LogInit:  - other features:
LogInit:      CURL_VERSION_SSL
LogInit:      CURL_VERSION_LIBZ
LogInit:      CURL_VERSION_IPV6
LogInit:      CURL_VERSION_ASYNCHDNS
LogInit:      CURL_VERSION_LARGEFILE
LogInit:      CURL_VERSION_IDN
LogInit:  CurlRequestOptions (configurable via config and command line):
LogInit:  - bVerifyPeer = false  - Libcurl will NOT verify peer certificate
LogInit:  - bUseHttpProxy = false  - Libcurl will NOT use HTTP proxy
LogInit:  - bDontReuseConnections = false  - Libcurl will reuse connections
LogInit:  - CertBundlePath = nullptr  - Libcurl will use whatever was configured at build time.
LogInit:  - MaxHostConnections = 16  - Libcurl will limit the number of connections to a host
LogInit:  - LocalHostAddr = Default
LogInit: WinSock: version 1.1 (2.2), MaxSocks=32767, MaxUdp=65467
LogInit: WinSock: I am Assimilation (144.13.40.168:0)
LogInit: Build: ++UE4+Release-4.19-CL-3944462
LogInit: Engine Version: 4.19.0-3944462+++UE4+Release-4.19
LogInit: Compatible Engine Version: 4.19.0-3944462+++UE4+Release-4.19
LogInit: Net CL: 3944462
LogDevObjectVersion: Number of dev versions registered: 18
LogDevObjectVersion:   Dev-Blueprints (B0D832E4-1F89-4F0D-ACCF-7EB736FD4AA2): 10
LogDevObjectVersion:   Dev-Build (E1C64328-A22C-4D53-A36C-8E866417BD8C): 0
LogDevObjectVersion:   Dev-Core (375EC13C-06E4-48FB-B500-84F0262A717E): 2
LogDevObjectVersion:   Dev-Editor (E4B068ED-F494-42E9-A231-DA0B2E46BB41): 23
LogDevObjectVersion:   Dev-Framework (CFFC743F-43B0-4480-9391-14DF171D2073): 33
LogDevObjectVersion:   Dev-Mobile (B02B49B5-BB20-44E9-A304-32B752E40360): 2
LogDevObjectVersion:   Dev-Networking (A4E4105C-59A1-49B5-A7C5-40C4547EDFEE): 0
LogDevObjectVersion:   Dev-Online (39C831C9-5AE6-47DC-9A44-9C173E1C8E7C): 0
LogDevObjectVersion:   Dev-Physics (78F01B33-EBEA-4F98-B9B4-84EACCB95AA2): 0
LogDevObjectVersion:   Dev-Platform (6631380F-2D4D-43E0-8009-CF276956A95A): 0
LogDevObjectVersion:   Dev-Rendering (12F88B9F-8875-4AFC-A67C-D90C383ABD29): 25
LogDevObjectVersion:   Dev-Sequencer (7B5AE74C-D270-4C10-A958-57980B212A5A): 6
LogDevObjectVersion:   Dev-VR (D7296918-1DD6-4BDD-9DE2-64A83CC13884): 1
LogDevObjectVersion:   Dev-LoadTimes (C2A15278-BFE7-4AFE-6C17-90FF531DF755): 1
LogDevObjectVersion:   Private-Geometry (6EACA3D4-40EC-4CC1-B786-8BED09428FC5): 2
LogDevObjectVersion:   Dev-AnimPhys (29E575DD-E0A3-4627-9D10-D276232CDCEA): 16
LogDevObjectVersion:   Dev-ReflectionCapture (6B266CEC-1EC7-4B8F-A30B-E4D90942FC07): 1
LogDevObjectVersion:   Dev-Automation (0DF73D61-A23F-47EA-B727-89E90C41499A): 1
LogInit: Compiled (64-bit): Mar 13 2018 23:12:32
LogInit: Compiled with Visual C++: 19.00.24215.01
LogInit: Build Configuration: Development
LogInit: Branch Name: ++UE4+Release-4.19
LogInit: Command Line:  
LogInit: Base Directory: D:/Unreal/UE_4.19/Engine/Binaries/Win64/
LogInit: Installed Engine Build: 1
LogStreaming: Display: Took  0.005s to delete old logs.
LogInit: Presizing for max 8388607 objects, including 0 objects not considered by GC, pre-allocating 0 bytes for permanent pool.
LogInit: Object subsystem initialized
[2018.04.08-06.26.23:404][  0]LogInit: Selected Device Profile: [Windows]
[2018.04.08-06.26.23:404][  0]LogInit: Applying CVar settings loaded from the selected device profile: [Windows]
[2018.04.08-06.26.23:471][  0]LogInit: Computer: ASSIMILATION
[2018.04.08-06.26.23:471][  0]LogInit: User: Student
[2018.04.08-06.26.23:471][  0]LogInit: CPU Page size=4096, Cores=2
[2018.04.08-06.26.23:471][  0]LogInit: High frequency timer resolution =2.143479 MHz
[2018.04.08-06.26.23:471][  0]LogMemory: Memory total: Physical=7.4GB (8GB approx)
[2018.04.08-06.26.23:471][  0]LogMemory: Platform Memory Stats for Windows
[2018.04.08-06.26.23:471][  0]LogMemory: Process Physical Memory: 276.84 MB used, 276.84 MB peak
[2018.04.08-06.26.23:471][  0]LogMemory: Process Virtual Memory: 266.09 MB used, 266.09 MB peak
[2018.04.08-06.26.23:471][  0]LogMemory: Physical Memory: 5160.92 MB used,  2426.18 MB free, 7587.11 MB total
[2018.04.08-06.26.23:471][  0]LogMemory: Virtual Memory: 681.69 MB used,  2426.18 MB free, 134217728.00 MB total
[2018.04.08-06.26.23:507][  0]LogInit: Using OS detected language (en-US).
[2018.04.08-06.26.23:507][  0]LogInit: Using OS detected locale (en-US).
[2018.04.08-06.26.23:586][  0]LogTextLocalizationManager: No specific localization for 'en-US' exists, so the 'en' localization will be used.
[2018.04.08-06.26.24:292][  0]LogStreaming: Display: Took  0.786s to EndInitTextLocalization.
[2018.04.08-06.26.24:292][  0]LogInit: Setting process to per monitor DPI aware
[2018.04.08-06.26.24:368][  0]LogSlate: New Slate User Created.  User Index 0, Is Virtual User: 0
[2018.04.08-06.26.24:368][  0]LogSlate: Slate User Registered.  User Index 0, Is Virtual User: 0
[2018.04.08-06.26.26:850][  0]LogD3D11RHI: D3D11 adapters:
[2018.04.08-06.26.26:915][  0]LogD3D11RHI:    0. 'AMD Radeon R7 M260 Series' (Feature Level 11_0)
[2018.04.08-06.26.26:915][  0]LogD3D11RHI:       1004/0/3793 MB DedicatedVideo/DedicatedSystem/SharedSystem, Outputs:1, VendorId:0x1002
[2018.04.08-06.26.26:924][  0]LogD3D11RHI:    1. 'Intel(R) HD Graphics 5500' (Feature Level 11_0)
[2018.04.08-06.26.26:924][  0]LogD3D11RHI:       128/0/3793 MB DedicatedVideo/DedicatedSystem/SharedSystem, Outputs:0, VendorId:0x8086
[2018.04.08-06.26.26:927][  0]LogD3D11RHI:    2. 'Microsoft Basic Render Driver' (Feature Level 11_0)
[2018.04.08-06.26.26:927][  0]LogD3D11RHI:       0/0/3793 MB DedicatedVideo/DedicatedSystem/SharedSystem, Outputs:0, VendorId:0x1414
[2018.04.08-06.26.26:927][  0]LogD3D11RHI: Chosen D3D11 Adapter: 0
[2018.04.08-06.26.26:935][  0]LogD3D11RHI: Creating new Direct3DDevice
[2018.04.08-06.26.26:935][  0]LogD3D11RHI:     GPU DeviceId: 0x6605 (for the marketing name, search the web for "GPU Device Id")
[2018.04.08-06.26.26:935][  0]LogWindows: EnumDisplayDevices:
[2018.04.08-06.26.26:935][  0]LogWindows:    0. 'Intel(R) HD Graphics 5500' (P:1 D:1)
[2018.04.08-06.26.26:935][  0]LogWindows:    1. 'Intel(R) HD Graphics 5500' (P:0 D:0)
[2018.04.08-06.26.26:935][  0]LogWindows:    2. 'Intel(R) HD Graphics 5500' (P:0 D:0)
[2018.04.08-06.26.26:935][  0]LogWindows:    3. 'AMD Radeon R7 M260 Series' (P:0 D:0)
[2018.04.08-06.26.26:936][  0]LogWindows:    4. 'AMD Radeon R7 M260 Series' (P:0 D:0)
[2018.04.08-06.26.26:936][  0]LogWindows:    5. 'AMD Radeon R7 M260 Series' (P:0 D:0)
[2018.04.08-06.26.26:936][  0]LogWindows:    6. 'AMD Radeon R7 M260 Series' (P:0 D:0)
[2018.04.08-06.26.26:936][  0]LogWindows:    7. 'AMD Radeon R7 M260 Series' (P:0 D:0)
[2018.04.08-06.26.26:936][  0]LogWindows:    8. 'AMD Radeon R7 M260 Series' (P:0 D:0)
[2018.04.08-06.26.26:936][  0]LogWindows:    9. 'AMD Radeon R7 M260 Series' (P:0 D:0)
[2018.04.08-06.26.26:936][  0]LogWindows:    10. 'AMD Radeon R7 M260 Series' (P:0 D:0)
[2018.04.08-06.26.26:937][  0]LogWindows:    11. 'AMD Radeon R7 M260 Series' (P:0 D:0)
[2018.04.08-06.26.26:937][  0]LogWindows:    12. 'AMD Radeon R7 M260 Series' (P:0 D:0)
[2018.04.08-06.26.26:937][  0]LogWindows:    13. 'AMD Radeon R7 M260 Series' (P:0 D:0)
[2018.04.08-06.26.26:937][  0]LogWindows:    14. 'AMD Radeon R7 M260 Series' (P:0 D:0)
[2018.04.08-06.26.26:937][  0]LogWindows:    15. 'AMD Radeon R7 M260 Series' (P:0 D:0)
[2018.04.08-06.26.26:937][  0]LogWindows:    16. 'AMD Radeon R7 M260 Series' (P:0 D:0)
[2018.04.08-06.26.26:937][  0]LogWindows:    17. 'AMD Radeon R7 M260 Series' (P:0 D:0)
[2018.04.08-06.26.26:938][  0]LogWindows:    18. 'AMD Radeon R7 M260 Series' (P:0 D:0)
[2018.04.08-06.26.26:938][  0]LogWindows: DebugString: GetVideoDriverDetailsInvalid PrimaryIsNotTheChoosenAdapter GetVideoDriverDetailsInvalid PrimaryIsNotTheChoosenAdapter GetVideoDriverDetailsInvalid PrimaryIsNotTheChoosenAdapter GetVideoDriverDetailsInvalid PrimaryIsNotTheChoosenAdapter GetVideoDriverDetailsInvalid PrimaryIsNotTheChoosenAdapter GetVideoDriverDetailsInvalid PrimaryIsNotTheChoosenAdapter GetVideoDriverDetailsInvalid PrimaryIsNotTheChoosenAdapter GetVideoDriverDetailsInvalid PrimaryIsNotTheChoosenAdapter GetVideoDriverDetailsInvalid PrimaryIsNotTheChoosenAdapter GetVideoDriverDetailsInvalid PrimaryIsNotTheChoosenAdapter GetVideoDriverDetailsInvalid PrimaryIsNotTheChoosenAdapter GetVideoDriverDetailsInvalid PrimaryIsNotTheChoosenAdapter GetVideoDriverDetailsInvalid PrimaryIsNotTheChoosenAdapter GetVideoDriverDetailsInvalid PrimaryIsNotTheChoosenAdapter GetVideoDriverDetailsInvalid PrimaryIsNotTheChoosenAdapter GetVideoDriverDetailsInvalid PrimaryIsNotTheChoosenAdapter GetVideoDriverDetailsInvalid PrimaryIsNotTheChoosenAdapter GetVideoDriverDetailsInvalid PrimaryIsNotTheChoosenAdapter GetVideoDriverDetailsInvalid PrimaryIsNotTheChoosenAdapter FoundDriverCount:0 
[2018.04.08-06.26.26:938][  0]LogD3D11RHI:     Adapter Name: AMD Radeon R7 M260 Series
[2018.04.08-06.26.26:938][  0]LogD3D11RHI:   Driver Version: Unknown (internal:Unknown, unified:Unknown)
[2018.04.08-06.26.26:938][  0]LogD3D11RHI:      Driver Date: Unknown
[2018.04.08-06.26.26:938][  0]LogRHI: Texture pool is 703 MB (70% of 1004 MB)
[2018.04.08-06.26.27:001][  0]LogD3D11RHI: Async texture creation enabled
[2018.04.08-06.26.27:022][  0]LogD3D11RHI: GPU Timing Frequency: 27.000000 (Debug: 2 1)
[2018.04.08-06.26.27:024][  0]LogShaderCompilers: Guid format shader working directory is -22 characters bigger than the processId version (C:/Users/Student/Desktop/Games and extra/School/Unreal/UnrealTutorial/Intermediate/Shaders/WorkingDirectory/11132/).
[2018.04.08-06.26.27:024][  0]LogShaderCompilers: Cleaned the shader compiler working directory 'C:/Users/Student/AppData/Local/Temp/UnrealShaderWorkingDir/09BD1F9D43006B826543428D0F9266DE/'.
[2018.04.08-06.26.27:574][  0]LogTemp: Display: Loaded TP AllDesktopTargetPlatform
[2018.04.08-06.26.27:595][  0]LogTemp: Display: Loaded TP MacClientTargetPlatform
[2018.04.08-06.26.27:614][  0]LogTemp: Display: Loaded TP MacNoEditorTargetPlatform
[2018.04.08-06.26.27:633][  0]LogTemp: Display: Loaded TP MacServerTargetPlatform
[2018.04.08-06.26.27:671][  0]LogTemp: Display: Loaded TP MacTargetPlatform
[2018.04.08-06.26.27:692][  0]LogTemp: Display: Loaded TP WindowsClientTargetPlatform
[2018.04.08-06.26.27:712][  0]LogTemp: Display: Loaded TP WindowsNoEditorTargetPlatform
[2018.04.08-06.26.27:731][  0]LogTemp: Display: Loaded TP WindowsServerTargetPlatform
[2018.04.08-06.26.27:741][  0]LogTemp: Display: Loaded TP WindowsTargetPlatform
[2018.04.08-06.26.27:760][  0]LogTemp: Display: Loaded TP Android_ASTCTargetPlatform
[2018.04.08-06.26.27:778][  0]LogTemp: Display: Loaded TP Android_ATCTargetPlatform
[2018.04.08-06.26.27:795][  0]LogTemp: Display: Loaded TP Android_DXTTargetPlatform
[2018.04.08-06.26.27:816][  0]LogTemp: Display: Loaded TP Android_ETC1aTargetPlatform
[2018.04.08-06.26.27:838][  0]LogTemp: Display: Loaded TP Android_ETC1TargetPlatform
[2018.04.08-06.26.27:862][  0]LogTemp: Display: Loaded TP Android_ETC2TargetPlatform
[2018.04.08-06.26.27:909][  0]LogTemp: Display: Loaded TP Android_MultiTargetPlatform
[2018.04.08-06.26.27:909][  0]LogTemp: Display: Loaded TP Android_PVRTCTargetPlatform
[2018.04.08-06.26.27:956][  0]LogTemp: Display: Loaded TP AndroidTargetPlatform
[2018.04.08-06.26.27:958][  0]LogTemp: Display: Loaded TP HTML5TargetPlatform
[2018.04.08-06.26.28:021][  0]LogTemp: Display: Loaded TP IOSTargetPlatform
[2018.04.08-06.26.28:042][  0]LogTemp: Display: Loaded TP TVOSTargetPlatform
[2018.04.08-06.26.28:065][  0]LogTemp: Display: Loaded TP LinuxClientTargetPlatform
[2018.04.08-06.26.28:089][  0]LogTemp: Display: Loaded TP LinuxNoEditorTargetPlatform
[2018.04.08-06.26.28:111][  0]LogTemp: Display: Loaded TP LinuxServerTargetPlatform
[2018.04.08-06.26.28:140][  0]LogTemp: Display: Loaded TP LinuxTargetPlatform
[2018.04.08-06.26.28:141][  0]LogTargetPlatformManager: Display: Building Assets For Windows
[2018.04.08-06.26.28:298][  0]LogXGEController: Cleaning working directory: C:/Users/Student/AppData/Local/Temp/UnrealXGEWorkingDir/
[2018.04.08-06.26.28:299][  0]LogXGEController: Cannot use XGE Controller as Incredibuild is not installed on this machine.
[2018.04.08-06.26.28:299][  0]LogShaderCompilers: Cannot use XGE Shader Compiler as Incredibuild is not installed on this machine.
[2018.04.08-06.26.28:299][  0]LogShaderCompilers: Display: Using Local Shader Compiler.
[2018.04.08-06.26.31:157][  0]LogDerivedDataCache: Display: Max Cache Size: 512 MB
[2018.04.08-06.26.31:265][  0]LogDerivedDataCache: Loaded boot cache 0.11s 74MB C:/Users/Student/AppData/Local/UnrealEngine/4.19/DerivedDataCache/Boot.ddc.
[2018.04.08-06.26.31:265][  0]LogDerivedDataCache: Display: Loaded Boot cache: C:/Users/Student/AppData/Local/UnrealEngine/4.19/DerivedDataCache/Boot.ddc
[2018.04.08-06.26.31:265][  0]LogDerivedDataCache: FDerivedDataBackendGraph:  Pak pak cache file C:/Users/Student/Desktop/Games and extra/School/Unreal/UnrealTutorial/DerivedDataCache/DDC.ddp not found, will not use a pak cache.
[2018.04.08-06.26.31:265][  0]LogDerivedDataCache: Unable to find inner node Pak for hierarchical cache Hierarchy.
[2018.04.08-06.26.31:265][  0]LogDerivedDataCache: FDerivedDataBackendGraph:  CompressedPak pak cache file C:/Users/Student/Desktop/Games and extra/School/Unreal/UnrealTutorial/DerivedDataCache/Compressed.ddp not found, will not use a pak cache.
[2018.04.08-06.26.31:266][  0]LogDerivedDataCache: Unable to find inner node CompressedPak for hierarchical cache Hierarchy.
[2018.04.08-06.26.31:287][  0]LogDerivedDataCache: Display: Pak cache opened for reading ../../../Engine/DerivedDataCache/Compressed.ddp.
[2018.04.08-06.26.31:302][  0]LogDerivedDataCache: Using Local data cache path C:/Users/Student/AppData/Local/UnrealEngine/Common/DerivedDataCache: Writable
[2018.04.08-06.26.31:317][  0]LogMaterial: Verifying Global Shaders for PCD3D_SM5
[2018.04.08-06.26.31:317][  0]LogSlate: Using Freetype 2.6.0
[2018.04.08-06.26.31:318][  0]LogSlate: SlateFontCache - WITH_FREETYPE: 1, WITH_HARFBUZZ: 1
[2018.04.08-06.26.31:318][  0]LogSlate: SlateFontCache - WITH_FREETYPE: 1, WITH_HARFBUZZ: 1
[2018.04.08-06.26.31:460][  0]LogAssetRegistry: FAssetRegistry took 0.0291 seconds to start up
[2018.04.08-06.26.32:008][  0]LogInit: Selected Device Profile: [Windows]
[2018.04.08-06.26.32:208][  0]LogSimplygon: Simplygon DLL not present - disabling.
[2018.04.08-06.26.32:212][  0]LogMeshReduction: Using SimplygonSwarm for distributed automatic mesh merging
[2018.04.08-06.26.32:212][  0]LogMeshReduction: Using QuadricMeshReduction for automatic static mesh reduction
[2018.04.08-06.26.32:212][  0]LogMeshReduction: No automatic skeletal mesh reduction module available
[2018.04.08-06.26.32:212][  0]LogMeshReduction: No automatic mesh merging module available
[2018.04.08-06.26.32:212][  0]LogMeshMerging: No automatic mesh merging module available
[2018.04.08-06.26.32:248][  0]LogNetVersion: UnrealTutorial , NetCL: 3944462, EngineNetVer: 2, GameNetVer: 0 (Checksum: 2260223344)
[2018.04.08-06.26.33:333][  0]LogPackageLocalizationCache: Processed 9 localized package path(s) for 2 prioritized culture(s) in 0.261663 seconds
[2018.04.08-06.26.33:348][  0]LogUObjectArray: 36728 objects as part of root set at end of initial load.
[2018.04.08-06.26.33:348][  0]LogUObjectAllocator: 7314304 out of 0 bytes used by permanent object pool.
[2018.04.08-06.26.33:349][  0]LogUObjectArray: CloseDisregardForGC: 0/0 objects in disregard for GC pool
[2018.04.08-06.26.37:712][  0]LogTcpMessaging: Initializing TcpMessaging bridge
[2018.04.08-06.26.37:743][  0]LogUdpMessaging: Initializing bridge on interface 0.0.0.0:0 to multicast group 230.0.0.1:6666.
[2018.04.08-06.26.38:123][  0]SourceControl: Source control is disabled
[2018.04.08-06.26.38:123][  0]SourceControl: Source control is disabled
[2018.04.08-06.26.38:142][  0]SourceControl: Source control is disabled
[2018.04.08-06.26.38:161][  0]SourceControl: Source control is disabled
[2018.04.08-06.26.38:766][  0]LogAndroidPermission: UAndroidPermissionCallbackProxy::GetInstance
[2018.04.08-06.26.38:971][  0]LogOcInput: OculusInput pre-init called
[2018.04.08-06.26.39:095][  0]LogEngine: Initializing Engine...
[2018.04.08-06.26.39:098][  0]LogHMD: Failed to initialize OpenVR with code 110
[2018.04.08-06.26.39:100][  0]LogStats: UGameplayTagsManager::ConstructGameplayTagTree: Construct from data asset -  0.000 s
[2018.04.08-06.26.39:100][  0]LogStats: UGameplayTagsManager::ConstructGameplayTagTree: GameplayTagTreeChangedEvent.Broadcast -  0.000 s
[2018.04.08-06.26.39:407][  0]LogAIModule: Creating AISystem for world Untitled
[2018.04.08-06.26.39:432][  0]LogInit: XAudio2 using 'Speakers (USB Audio Device)' : 2 channels at 48 kHz using 16 bits per sample (channel mask 0x3)
[2018.04.08-06.26.39:464][  0]LogInit: FAudioDevice initialized.
[2018.04.08-06.26.39:684][  0]LogDerivedDataCache: Saved boot cache 0.22s 74MB C:/Users/Student/AppData/Local/UnrealEngine/4.19/DerivedDataCache/Boot.ddc.
[2018.04.08-06.26.39:709][  0]LogInit: Texture streaming: Enabled
[2018.04.08-06.26.39:731][  0]LogEngineSessionManager: EngineSessionManager initialized
[2018.04.08-06.26.39:731][  0]LogEngineSessionManager: EngineSessionManager sent abnormal shutdown report. Type=Crashed, SessionId={D460F3B6-40F7-BB08-DA5E-CD949113C97B}
[2018.04.08-06.26.39:754][  0]LogInit: Transaction tracking system initialized
[2018.04.08-06.26.39:787][  0]BlueprintLog: New page: Editor Load
[2018.04.08-06.26.39:897][  0]LocalizationService: Localization service is disabled
[2018.04.08-06.26.40:017][  0]LogConsoleResponse: Display: 
[2018.04.08-06.26.40:236][  0]LogCook: Display: Max memory allowance for cook 16384mb min free memory 0mb
[2018.04.08-06.26.40:237][  0]LogCook: Display: Mobile HDR setting 1
[2018.04.08-06.26.40:237][  0]LogGameplayTags: Display: UGameplayTagsManager::DoneAddingNativeTags. DelegateIsBound: 0
[2018.04.08-06.26.40:237][  0]LogStats: UGameplayTagsManager::ConstructGameplayTagTree: Construct from data asset -  0.000 s
[2018.04.08-06.26.40:237][  0]LogStats: UGameplayTagsManager::ConstructGameplayTagTree: GameplayTagTreeChangedEvent.Broadcast -  0.000 s
[2018.04.08-06.26.40:667][  0]LogFileCache: Scanning file cache for directory 'C:/Users/Student/Desktop/Games and extra/School/Unreal/UnrealTutorial/Content/' took 0.02s
[2018.04.08-06.26.40:667][  0]SourceControl: Source control is disabled
[2018.04.08-06.26.40:667][  0]Cmd: MAP LOAD FILE="C:/Users/Student/Desktop/Games and extra/School/Unreal/UnrealTutorial/Content/ThirdPersonBP/Maps/ThirdPersonExampleMap.umap" TEMPLATE=0 SHOWPROGRESS=1 FEATURELEVEL=3
[2018.04.08-06.26.40:668][  0]LightingResults: New page: Lighting Build
[2018.04.08-06.26.40:671][  0]MapCheck: New page: Map Check
[2018.04.08-06.26.40:671][  0]LightingResults: New page: Lighting Build
[2018.04.08-06.26.41:251][  0]LogSkeletalMesh: Skeletal Mesh found in DDC [15.943240ms] /Game/Mannequin/Character/Mesh/SK_Mannequin.SK_Mannequin
[2018.04.08-06.26.41:307][  0]LogAIModule: Creating AISystem for world ThirdPersonExampleMap
[2018.04.08-06.26.41:333][  0]LogEditorServer: Finished looking for orphan Actors (0.000 secs)
[2018.04.08-06.26.41:415][  0]Cmd: MAP CHECKDEP NOCLEARLOG
[2018.04.08-06.26.41:501][  0]MapCheck: Map check complete: 0 Error(s), 0 Warning(s), took 86.094ms to complete.
[2018.04.08-06.26.41:502][  0]LogFileHelpers: Loading map 'ThirdPersonExampleMap' took 0.835
[2018.04.08-06.26.41:700][  0]LogCollectionManager: Loaded 0 collections in 0.002578 seconds
[2018.04.08-06.26.41:749][  0]LogFileCache: Scanning file cache for directory 'C:/Users/Student/Desktop/Games and extra/School/Unreal/UnrealTutorial/Saved/Collections/' took 0.01s
[2018.04.08-06.26.41:749][  0]LogFileCache: Scanning file cache for directory 'C:/Users/Student/Desktop/Games and extra/School/Unreal/UnrealTutorial/Content/Developers/Student/Collections/' took 0.01s
[2018.04.08-06.26.41:750][  0]LogFileCache: Scanning file cache for directory 'C:/Users/Student/Desktop/Games and extra/School/Unreal/UnrealTutorial/Content/Collections/' took 0.01s
[2018.04.08-06.26.41:750][  0]LogCollectionManager: Rebuilt the GUID cache for 0 collections in 0.000000 seconds
[2018.04.08-06.26.41:762][  0]LogContentBrowser: Native class hierarchy populated in 0.0125 seconds. Added 2452 classes and 558 folders.
[2018.04.08-06.26.41:772][  0]LogContentBrowser: Native class hierarchy updated for 'WidgetCarousel' in 0.0004 seconds. Added 0 classes and 0 folders.
[2018.04.08-06.26.41:832][  0]LogContentBrowser: Native class hierarchy updated for 'AddContentDialog' in 0.0007 seconds. Added 0 classes and 0 folders.
[2018.04.08-06.26.41:840][  0]LogContentBrowser: Native class hierarchy updated for 'SceneOutliner' in 0.0005 seconds. Added 1 classes and 2 folders.
[2018.04.08-06.26.41:879][  0]LogSlate: Took 0.000424 seconds to synchronously load lazily loaded font '../../../Engine/Content/Slate/Fonts/Roboto-Regular.ttf' (155K)
[2018.04.08-06.26.41:882][  0]LogSlate: Took 0.000273 seconds to synchronously load lazily loaded font '../../../Engine/Content/Slate/Fonts/Roboto-Bold.ttf' (160K)
[2018.04.08-06.26.41:894][  0]LogSlate: Took 0.000258 seconds to synchronously load lazily loaded font '../../../Engine/Content/Editor/Slate/Fonts/FontAwesome.ttf' (139K)
[2018.04.08-06.26.42:034][  0]LogRenderer: Reallocating scene render targets to support 912x456 Format 10 NumSamples 1 (Frame:1).
[2018.04.08-06.26.42:755][  0]LogContentBrowser: Native class hierarchy updated for 'HierarchicalLODOutliner' in 0.0005 seconds. Added 0 classes and 0 folders.
[2018.04.08-06.26.42:755][  0]LogLoad: (Engine Initialization) Total time: 22.34 seconds
[2018.04.08-06.26.42:755][  0]LogLoad: (Engine Initialization) Total Blueprint compile time: 0.00 seconds
[2018.04.08-06.26.42:774][  0]LogWindowsTextInputMethodSystem: Display: IME system now deactivated.
[2018.04.08-06.26.42:793][  0]LogContentStreaming: Texture pool size now 1000 MB
[2018.04.08-06.26.42:805][  0]LogSlate: Took 0.000237 seconds to synchronously load lazily loaded font '../../../Engine/Content/Slate/Fonts/Roboto-Light.ttf' (167K)
[2018.04.08-06.26.42:900][  2]LogAssetRegistry: Asset discovery search completed in 11.4618 seconds
[2018.04.08-06.26.42:904][  2]LogCollectionManager: Rebuilt the object cache for 0 collections in 0.000000 seconds (found 0 objects)
[2018.04.08-06.26.42:904][  2]LogCollectionManager: Fixed up redirectors for 0 collections in 0.000129 seconds (updated 0 objects)
[2018.04.08-06.27.06:736][451]LogSlate: FSceneViewport::OnFocusLost() reason 0
[2018.04.08-06.27.14:951][806]LogSlate: Took 0.000292 seconds to synchronously load lazily loaded font '../../../Engine/Content/Slate/Fonts/Roboto-Light.ttf' (167K)
[2018.04.08-06.27.15:223][806]LogAIModule: Creating AISystem for world TutorialLevel
[2018.04.08-06.27.15:273][806]Cmd: MAP LOAD FILE="C:/Users/Student/Desktop/Games and extra/School/Unreal/UnrealTutorial/Content/TutorialLevel.umap" TEMPLATE=0 SHOWPROGRESS=1 FEATURELEVEL=3
[2018.04.08-06.27.15:273][806]LightingResults: New page: Lighting Build
[2018.04.08-06.27.15:274][806]LoadErrors: New page: Loading map: TutorialLevel.umap
[2018.04.08-06.27.15:276][806]MapCheck: New page: Map Check
[2018.04.08-06.27.15:276][806]LightingResults: New page: Lighting Build
[2018.04.08-06.27.15:315][806]LogEditorServer: Finished looking for orphan Actors (0.000 secs)
[2018.04.08-06.27.15:358][806]Cmd: MAP CHECKDEP NOCLEARLOG
[2018.04.08-06.27.15:446][806]MapCheck: Map check complete: 0 Error(s), 0 Warning(s), took 87.303ms to complete.
[2018.04.08-06.27.15:447][806]LogFileHelpers: Loading map 'TutorialLevel' took 0.176
[2018.04.08-06.27.21:050][ 57]LogSlate: FSceneViewport::OnFocusLost() reason 0
[2018.04.08-06.27.44:667][731]LogContentBrowser: Native class hierarchy updated for 'BlueprintGraph' in 0.0015 seconds. Added 116 classes and 0 folders.
[2018.04.08-06.27.45:764][731]LogSlate: Took 0.068168 seconds to synchronously load lazily loaded font '../../../Engine/Content/Slate/Fonts/Roboto-BoldCondensed.ttf' (158K)
[2018.04.08-06.27.45:861][732]LogSlate: Took 0.000336 seconds to synchronously load lazily loaded font '../../../Engine/Content/Slate/Fonts/Roboto-Italic.ttf' (157K)
[2018.04.08-06.27.48:876][802]LogSlate: Window 'LittleHouse_BP' being destroyed
[2018.04.08-06.29.03:378][687]LogRenderer: Reallocating scene render targets to support 952x720 Format 10 NumSamples 1 (Frame:1).
[2018.04.08-06.29.20:097][450]LogSlate: FSceneViewport::OnFocusLost() reason 0
[2018.04.08-06.30.08:914][177]LogSlate: FSceneViewport::OnFocusLost() reason 0
[2018.04.08-06.30.09:003][180]BlueprintLog: New page: Compile LittleHouse_BP
[2018.04.08-06.30.10:430][202]Cmd: OBJ SAVEPACKAGE PACKAGE="/Game/Blueprints/LittleHouse_BP" FILE="C:/Users/Student/Desktop/Games and extra/School/Unreal/UnrealTutorial/Content/Blueprints/LittleHouse_BP.uasset" SILENT=true
[2018.04.08-06.30.10:512][202]LogSavePackage: Save=44.48ms
[2018.04.08-06.30.10:512][202]LogSavePackage: Moving 'C:/Users/Student/Desktop/Games and extra/School/Unreal/UnrealTutorial/Saved/LittleHouse_BP47C846BA485AA75F2A8001A590BEC8A8.tmp' to 'C:/Users/Student/Desktop/Games and extra/School/Unreal/UnrealTutorial/Content/Blueprints/LittleHouse_BP.uasset'
[2018.04.08-06.30.10:523][202]LogSavePackage: Display: Finished SavePackage C:/Users/Student/Desktop/Games and extra/School/Unreal/UnrealTutorial/Content/Blueprints/LittleHouse_BP.uasset
[2018.04.08-06.30.14:365][316]LogSlate: FSceneViewport::OnFocusLost() reason 0
[2018.04.08-06.30.40:871][965]BlueprintLog: New page: Compile LittleHouse_BP
[2018.04.08-06.30.42:287][985]Cmd: OBJ SAVEPACKAGE PACKAGE="/Game/Blueprints/LittleHouse_BP" FILE="C:/Users/Student/Desktop/Games and extra/School/Unreal/UnrealTutorial/Content/Blueprints/LittleHouse_BP.uasset" SILENT=true
[2018.04.08-06.30.42:343][985]LogSavePackage: Save=36.63ms
[2018.04.08-06.30.42:343][985]LogSavePackage: Moving 'C:/Users/Student/Desktop/Games and extra/School/Unreal/UnrealTutorial/Saved/LittleHouse_BP6B70D2CB40964AA4C13564B8ACD6C4B8.tmp' to 'C:/Users/Student/Desktop/Games and extra/School/Unreal/UnrealTutorial/Content/Blueprints/LittleHouse_BP.uasset'
[2018.04.08-06.30.42:353][985]LogSavePackage: Display: Finished SavePackage C:/Users/Student/Desktop/Games and extra/School/Unreal/UnrealTutorial/Content/Blueprints/LittleHouse_BP.uasset
[2018.04.08-06.30.47:136][125]LogEditorActor: Deleted Actor: StaticMeshActor
[2018.04.08-06.30.47:180][125]LogEditorActor: Deleted 1 Actors (0.046 secs)
[2018.04.08-06.30.53:007][316]LogSlate: FSceneViewport::OnFocusLost() reason 0
[2018.04.08-06.30.53:242][318]Cmd: OBJ SAVEPACKAGE PACKAGE="/Game/TutorialLevel" FILE="C:/Users/Student/Desktop/Games and extra/School/Unreal/UnrealTutorial/Content/TutorialLevel.umap" SILENT=true AUTOSAVING=false KEEPDIRTY=false
[2018.04.08-06.30.53:441][318]LogSavePackage: Save=142.90ms
[2018.04.08-06.30.53:442][318]LogSavePackage: Moving 'C:/Users/Student/Desktop/Games and extra/School/Unreal/UnrealTutorial/Saved/TutorialLevel5E356833423C15AFEC3F6AB808499DB9.tmp' to 'C:/Users/Student/Desktop/Games and extra/School/Unreal/UnrealTutorial/Content/TutorialLevel.umap'
[2018.04.08-06.30.53:454][318]LogSavePackage: Display: Finished SavePackage C:/Users/Student/Desktop/Games and extra/School/Unreal/UnrealTutorial/Content/TutorialLevel.umap
[2018.04.08-06.30.53:642][318]Cmd: OBJ SAVEPACKAGE PACKAGE="/Game/TutorialLevel_BuiltData" FILE="C:/Users/Student/Desktop/Games and extra/School/Unreal/UnrealTutorial/Content/TutorialLevel_BuiltData.uasset" SILENT=true
[2018.04.08-06.30.53:788][318]LogSavePackage: Save=111.11ms
[2018.04.08-06.30.53:788][318]LogSavePackage: Moving 'C:/Users/Student/Desktop/Games and extra/School/Unreal/UnrealTutorial/Saved/TutorialLevel_BuiltDataCA9855174213656F7FDBB683ADAD7C0A.tmp' to 'C:/Users/Student/Desktop/Games and extra/School/Unreal/UnrealTutorial/Content/TutorialLevel_BuiltData.uasset'
[2018.04.08-06.30.53:793][318]LogSavePackage: Display: Finished SavePackage C:/Users/Student/Desktop/Games and extra/School/Unreal/UnrealTutorial/Content/TutorialLevel_BuiltData.uasset
[2018.04.08-06.30.58:482][467]LogSlate: FSceneViewport::OnFocusLost() reason 0
[2018.04.08-06.30.58:707][469]Cmd: OBJ SAVEPACKAGE PACKAGE="/Game/TutorialLevel" FILE="C:/Users/Student/Desktop/Games and extra/School/Unreal/UnrealTutorial/Content/TutorialLevel.umap" SILENT=true AUTOSAVING=false KEEPDIRTY=false
[2018.04.08-06.30.58:892][469]LogSavePackage: Save=139.04ms
[2018.04.08-06.30.58:892][469]LogSavePackage: Moving 'C:/Users/Student/Desktop/Games and extra/School/Unreal/UnrealTutorial/Saved/TutorialLevel5BEB7CDC4CEF930C9C38D3B66DB1C6A8.tmp' to 'C:/Users/Student/Desktop/Games and extra/School/Unreal/UnrealTutorial/Content/TutorialLevel.umap'
[2018.04.08-06.30.58:902][469]LogSavePackage: Display: Finished SavePackage C:/Users/Student/Desktop/Games and extra/School/Unreal/UnrealTutorial/Content/TutorialLevel.umap
[2018.04.08-06.30.58:940][469]Cmd: OBJ SAVEPACKAGE PACKAGE="/Game/TutorialLevel_BuiltData" FILE="C:/Users/Student/Desktop/Games and extra/School/Unreal/UnrealTutorial/Content/TutorialLevel_BuiltData.uasset" SILENT=true
[2018.04.08-06.30.59:056][469]LogSavePackage: Save=94.13ms
[2018.04.08-06.30.59:056][469]LogSavePackage: Moving 'C:/Users/Student/Desktop/Games and extra/School/Unreal/UnrealTutorial/Saved/TutorialLevel_BuiltData2E58A4F747B0A20CA46DDDB20B353DC3.tmp' to 'C:/Users/Student/Desktop/Games and extra/School/Unreal/UnrealTutorial/Content/TutorialLevel_BuiltData.uasset'
[2018.04.08-06.30.59:061][469]LogSavePackage: Display: Finished SavePackage C:/Users/Student/Desktop/Games and extra/School/Unreal/UnrealTutorial/Content/TutorialLevel_BuiltData.uasset
[2018.04.08-06.31.09:613][737]LogSlate: FSceneViewport::OnFocusLost() reason 0
[2018.04.08-06.31.09:852][739]Cmd: OBJ SAVEPACKAGE PACKAGE="/Game/TutorialLevel" FILE="C:/Users/Student/Desktop/Games and extra/School/Unreal/UnrealTutorial/Content/TutorialLevel.umap" SILENT=true AUTOSAVING=false KEEPDIRTY=false
[2018.04.08-06.31.10:042][739]LogSavePackage: Save=140.31ms
[2018.04.08-06.31.10:042][739]LogSavePackage: Moving 'C:/Users/Student/Desktop/Games and extra/School/Unreal/UnrealTutorial/Saved/TutorialLevel6C639A20486445EE66E6D1B47CA4A5B7.tmp' to 'C:/Users/Student/Desktop/Games and extra/School/Unreal/UnrealTutorial/Content/TutorialLevel.umap'
[2018.04.08-06.31.10:054][739]LogSavePackage: Display: Finished SavePackage C:/Users/Student/Desktop/Games and extra/School/Unreal/UnrealTutorial/Content/TutorialLevel.umap
[2018.04.08-06.31.10:096][739]Cmd: OBJ SAVEPACKAGE PACKAGE="/Game/TutorialLevel_BuiltData" FILE="C:/Users/Student/Desktop/Games and extra/School/Unreal/UnrealTutorial/Content/TutorialLevel_BuiltData.uasset" SILENT=true
[2018.04.08-06.31.10:211][739]LogSavePackage: Save=96.76ms
[2018.04.08-06.31.10:211][739]LogSavePackage: Moving 'C:/Users/Student/Desktop/Games and extra/School/Unreal/UnrealTutorial/Saved/TutorialLevel_BuiltData13A674DE48D41F41CF956E9AF9EAA0B6.tmp' to 'C:/Users/Student/Desktop/Games and extra/School/Unreal/UnrealTutorial/Content/TutorialLevel_BuiltData.uasset'
[2018.04.08-06.31.10:216][739]LogSavePackage: Display: Finished SavePackage C:/Users/Student/Desktop/Games and extra/School/Unreal/UnrealTutorial/Content/TutorialLevel_BuiltData.uasset
[2018.04.08-06.31.15:173][869]LogSlate: FSceneViewport::OnFocusLost() reason 0
[2018.04.08-06.31.24:881][107]LogAIModule: Creating AISystem for world ThirdPersonExampleMap
[2018.04.08-06.31.24:923][107]Cmd: MAP LOAD FILE="C:/Users/Student/Desktop/Games and extra/School/Unreal/UnrealTutorial/Content/ThirdPersonBP/Maps/ThirdPersonExampleMap.umap" TEMPLATE=0 SHOWPROGRESS=1 FEATURELEVEL=3
[2018.04.08-06.31.24:923][107]LightingResults: New page: Lighting Build
[2018.04.08-06.31.24:924][107]LoadErrors: New page: Loading map: ThirdPersonExampleMap.umap
[2018.04.08-06.31.24:926][107]MapCheck: New page: Map Check
[2018.04.08-06.31.24:926][107]LightingResults: New page: Lighting Build
[2018.04.08-06.31.24:962][107]LogEditorServer: Finished looking for orphan Actors (0.000 secs)
[2018.04.08-06.31.25:017][107]Cmd: MAP CHECKDEP NOCLEARLOG
[2018.04.08-06.31.25:111][107]MapCheck: Map check complete: 0 Error(s), 0 Warning(s), took 93.17ms to complete.
[2018.04.08-06.31.25:112][107]LogFileHelpers: Loading map 'ThirdPersonExampleMap' took 0.190
[2018.04.08-06.31.30:694][304]LogSlate: FSceneViewport::OnFocusLost() reason 0
[2018.04.08-06.32.09:615][471]LogSlate: FSceneViewport::OnFocusLost() reason 0
[2018.04.08-06.32.10:134][473]LogSavePackage: Save=173.40ms
[2018.04.08-06.32.10:134][473]LogSavePackage: Moving 'C:/Users/Student/Desktop/Games and extra/School/Unreal/UnrealTutorial/Saved/ThirdPersonExampleMap7D39BA274563C59C458DC0AE21E76B7D.tmp' to 'C:/Users/Student/Desktop/Games and extra/School/Unreal/UnrealTutorial/Content/ThirdPersonBP/Maps/ThirdPersonExampleMap.umap'
[2018.04.08-06.32.10:145][473]LogSavePackage: Display: Finished SavePackage C:/Users/Student/Desktop/Games and extra/School/Unreal/UnrealTutorial/Content/ThirdPersonBP/Maps/ThirdPersonExampleMap.umap
[2018.04.08-06.32.10:718][473]LogSavePackage: Save=497.65ms
[2018.04.08-06.32.10:718][473]LogSavePackage: Moving 'C:/Users/Student/Desktop/Games and extra/School/Unreal/UnrealTutorial/Saved/ThirdPersonExampleMap_BuiltDataB503358D4EF3CBD5745B9F99929759DA.tmp' to 'C:/Users/Student/Desktop/Games and extra/School/Unreal/UnrealTutorial/Content/ThirdPersonBP/Maps/ThirdPersonExampleMap_BuiltData.uasset'
[2018.04.08-06.32.10:723][473]LogSavePackage: Display: Finished SavePackage C:/Users/Student/Desktop/Games and extra/School/Unreal/UnrealTutorial/Content/ThirdPersonBP/Maps/ThirdPersonExampleMap_BuiltData.uasset
[2018.04.08-06.32.25:269][951]LogEditorViewport: Clicking on Actor (LMB): LittleHouse_BP_C (LittleHouse_BP)
[2018.04.08-06.32.29:344][ 82]LogEditorViewport: Clicking on Actor (LMB): LittleHouse_BP_C (LittleHouse_BP2)
[2018.04.08-06.33.04:424][213]LogSlate: FSceneViewport::OnFocusLost() reason 0
[2018.04.08-06.33.14:811][528]LogSlate: FSceneViewport::OnFocusLost() reason 0
[2018.04.08-06.33.26:214][888]LogSlate: FSceneViewport::OnFocusLost() reason 0
[2018.04.08-06.35.14:457][328]LogEditorViewport: Clicking on Actor (LMB): Light_BP_C (Light_BP)
[2018.04.08-06.35.25:986][695]LogEditorViewport: Clicking on Actor (LMB): Light_BP_C (Light_BP)
[2018.04.08-06.35.36:776][ 35]LogEditorViewport: Clicking on Actor (LMB): Light_BP_C (Light_BP4)
[2018.04.08-06.36.50:620][410]LogEditorViewport: Clicking on Actor (LMB): StaticMeshActor (Floor)
[2018.04.08-06.36.52:469][464]LogEditorViewport: Clicking on Actor (LMB): Light_BP_C (Light_BP5)
[2018.04.08-06.37.29:335][634]LogSlate: FSceneViewport::OnFocusLost() reason 0
[2018.04.08-06.37.29:908][638]LogSavePackage: Save=230.71ms
[2018.04.08-06.37.29:909][638]LogSavePackage: Moving 'C:/Users/Student/Desktop/Games and extra/School/Unreal/UnrealTutorial/Saved/ThirdPersonExampleMap47B1A0AA490E7E587CB2C9A8FD775B5A.tmp' to 'C:/Users/Student/Desktop/Games and extra/School/Unreal/UnrealTutorial/Content/ThirdPersonBP/Maps/ThirdPersonExampleMap.umap'
[2018.04.08-06.37.29:920][638]LogSavePackage: Display: Finished SavePackage C:/Users/Student/Desktop/Games and extra/School/Unreal/UnrealTutorial/Content/ThirdPersonBP/Maps/ThirdPersonExampleMap.umap
[2018.04.08-06.37.30:532][638]LogSavePackage: Save=438.53ms
[2018.04.08-06.37.30:532][638]LogSavePackage: Moving 'C:/Users/Student/Desktop/Games and extra/School/Unreal/UnrealTutorial/Saved/ThirdPersonExampleMap_BuiltData5AEEEDBC441D03E547B9A8A25E79C76E.tmp' to 'C:/Users/Student/Desktop/Games and extra/School/Unreal/UnrealTutorial/Content/ThirdPersonBP/Maps/ThirdPersonExampleMap_BuiltData.uasset'
[2018.04.08-06.37.30:538][638]LogSavePackage: Display: Finished SavePackage C:/Users/Student/Desktop/Games and extra/School/Unreal/UnrealTutorial/Content/ThirdPersonBP/Maps/ThirdPersonExampleMap_BuiltData.uasset
[2018.04.08-06.37.34:587][770]LogSlate: FSceneViewport::OnFocusLost() reason 0
[2018.04.08-06.37.42:850][ 44]LogEditorViewport: Clicking on Actor (LMB): Light_BP_C (Light_BP7)
[2018.04.08-06.37.46:089][149]LogEditorViewport: Clicking on Actor (LMB): Light_BP_C (Light_BP6)
[2018.04.08-06.37.47:529][193]LogSlate: FSceneViewport::OnFocusLost() reason 2
[2018.04.08-06.37.50:423][295]LogSlate: Window 'Color Picker' being destroyed
[2018.04.08-06.37.51:802][334]LogEditorViewport: Clicking on Actor (LMB): Light_BP_C (Light_BP5)
[2018.04.08-06.37.53:071][373]LogSlate: FSceneViewport::OnFocusLost() reason 2
[2018.04.08-06.37.54:905][430]LogSlate: Window 'Color Picker' being destroyed
[2018.04.08-06.37.55:981][466]LogEditorViewport: Clicking on Actor (LMB): Light_BP_C (Light_BP6)
[2018.04.08-06.37.56:978][496]LogSlate: FSceneViewport::OnFocusLost() reason 2
[2018.04.08-06.38.01:606][624]LogSlate: Window 'Color Picker' being destroyed
[2018.04.08-06.38.03:754][699]LogEditorViewport: Clicking on Actor (LMB): Light_BP_C (Light_BP5)
[2018.04.08-06.38.05:168][743]LogSlate: FSceneViewport::OnFocusLost() reason 2
[2018.04.08-06.38.07:455][804]LogSlate: Window 'Color Picker' being destroyed
[2018.04.08-06.38.10:717][903]LogEditorViewport: Clicking on Actor (LMB): Light_BP_C (Light_BP4)
[2018.04.08-06.38.11:945][943]LogSlate: FSceneViewport::OnFocusLost() reason 0
[2018.04.08-06.38.24:523][333]LogSlate: Window 'Color Picker' being destroyed
[2018.04.08-06.38.25:746][369]LogEditorViewport: Clicking on Actor (LMB): Light_BP_C (Light_BP)
[2018.04.08-06.38.26:977][410]LogSlate: FSceneViewport::OnFocusLost() reason 2
[2018.04.08-06.38.28:926][451]LogSlate: Window 'Color Picker' being destroyed
[2018.04.08-06.38.32:088][554]LogEditorViewport: Clicking on Actor (LMB): Light_BP_C (Light_BP2)
[2018.04.08-06.38.33:244][593]LogSlate: FSceneViewport::OnFocusLost() reason 2
[2018.04.08-06.38.48:033][849]LogSlate: Window 'Color Picker' being destroyed
[2018.04.08-06.38.49:262][893]LogEditorViewport: Clicking on Actor (LMB): Light_BP_C (Light_BP3)
[2018.04.08-06.38.50:047][919]LogSlate: FSceneViewport::OnFocusLost() reason 2
[2018.04.08-06.38.52:309][952]LogSlate: Window 'Color Picker' being destroyed
[2018.04.08-06.38.55:554][ 47]LogSlate: FSceneViewport::OnFocusLost() reason 0
[2018.04.08-06.38.56:032][ 49]LogSavePackage: Save=205.10ms
[2018.04.08-06.38.56:032][ 49]LogSavePackage: Moving 'C:/Users/Student/Desktop/Games and extra/School/Unreal/UnrealTutorial/Saved/ThirdPersonExampleMap4066627A4BE253F2ED119CA440AB1620.tmp' to 'C:/Users/Student/Desktop/Games and extra/School/Unreal/UnrealTutorial/Content/ThirdPersonBP/Maps/ThirdPersonExampleMap.umap'
[2018.04.08-06.38.56:043][ 49]LogSavePackage: Display: Finished SavePackage C:/Users/Student/Desktop/Games and extra/School/Unreal/UnrealTutorial/Content/ThirdPersonBP/Maps/ThirdPersonExampleMap.umap
[2018.04.08-06.38.56:543][ 49]LogSavePackage: Save=421.80ms
[2018.04.08-06.38.56:543][ 49]LogSavePackage: Moving 'C:/Users/Student/Desktop/Games and extra/School/Unreal/UnrealTutorial/Saved/ThirdPersonExampleMap_BuiltDataDC7593CA452AC6C8CA990EAADF317E89.tmp' to 'C:/Users/Student/Desktop/Games and extra/School/Unreal/UnrealTutorial/Content/ThirdPersonBP/Maps/ThirdPersonExampleMap_BuiltData.uasset'
[2018.04.08-06.38.56:547][ 49]LogSavePackage: Display: Finished SavePackage C:/Users/Student/Desktop/Games and extra/School/Unreal/UnrealTutorial/Content/ThirdPersonBP/Maps/ThirdPersonExampleMap_BuiltData.uasset
[2018.04.08-06.38.58:119][ 96]LogTemp: Repeating last play command: Selected Viewport
[2018.04.08-06.38.58:158][ 96]LogBlueprintUserMessages: Early PlayInEditor Detection: Level '/Game/ThirdPersonBP/Maps/ThirdPersonExampleMap.ThirdPersonExampleMap:PersistentLevel' has LevelScriptBlueprint '/Game/ThirdPersonBP/Maps/ThirdPersonExampleMap.ThirdPersonExampleMap:PersistentLevel.ThirdPersonExampleMap' with GeneratedClass '/Game/ThirdPersonBP/Maps/ThirdPersonExampleMap.ThirdPersonExampleMap_C' with ClassGeneratedBy '/Game/ThirdPersonBP/Maps/ThirdPersonExampleMap.ThirdPersonExampleMap:PersistentLevel.ThirdPersonExampleMap'
[2018.04.08-06.38.58:159][ 96]LogPlayLevel: PlayLevel: No blueprints needed recompiling
[2018.04.08-06.38.58:159][ 96]PIE: New page: PIE session: ThirdPersonExampleMap (Apr 7, 2018, 8:38:58 PM)
[2018.04.08-06.38.58:159][ 96]LogPlayLevel: Creating play world package: /Game/ThirdPersonBP/Maps/UEDPIE_0_ThirdPersonExampleMap
[2018.04.08-06.38.58:194][ 96]LogPlayLevel: PIE: StaticDuplicateObject took: (0.034455s)
[2018.04.08-06.38.58:195][ 96]LogAIModule: Creating AISystem for world ThirdPersonExampleMap
[2018.04.08-06.38.58:196][ 96]LogPlayLevel: PIE: World Init took: (0.001391s)
[2018.04.08-06.38.58:196][ 96]LogPlayLevel: PIE: Created PIE world by copying editor world from /Game/ThirdPersonBP/Maps/ThirdPersonExampleMap.ThirdPersonExampleMap to /Game/ThirdPersonBP/Maps/UEDPIE_0_ThirdPersonExampleMap.ThirdPersonExampleMap (0.036291s)
[2018.04.08-06.38.58:225][ 96]LogInit: XAudio2 using 'Speakers (USB Audio Device)' : 2 channels at 48 kHz using 16 bits per sample (channel mask 0x3)
[2018.04.08-06.38.58:236][ 96]LogInit: FAudioDevice initialized.
[2018.04.08-06.38.58:311][ 96]LogLoad: Game class is 'ThirdPersonGameMode_C'
[2018.04.08-06.38.58:318][ 96]LogWorld: Bringing World /Game/ThirdPersonBP/Maps/UEDPIE_0_ThirdPersonExampleMap.ThirdPersonExampleMap up for play (max tick rate 60) at 2018.04.08-01.38.58
[2018.04.08-06.38.58:341][ 96]LogWorld: Bringing up level for play took: 0.027902
[2018.04.08-06.38.58:346][ 96]LogContentBrowser: Native class hierarchy updated for 'MovieSceneCapture' in 0.0005 seconds. Added 11 classes and 0 folders.
[2018.04.08-06.38.58:347][ 96]PIE: Play in editor start time for /Game/ThirdPersonBP/Maps/UEDPIE_0_ThirdPersonExampleMap -0.781
[2018.04.08-06.38.58:348][ 96]LogBlueprintUserMessages: Late PlayInEditor Detection: Level '/Game/ThirdPersonBP/Maps/ThirdPersonExampleMap.ThirdPersonExampleMap:PersistentLevel' has LevelScriptBlueprint '/Game/ThirdPersonBP/Maps/ThirdPersonExampleMap.ThirdPersonExampleMap:PersistentLevel.ThirdPersonExampleMap' with GeneratedClass '/Game/ThirdPersonBP/Maps/ThirdPersonExampleMap.ThirdPersonExampleMap_C' with ClassGeneratedBy '/Game/ThirdPersonBP/Maps/ThirdPersonExampleMap.ThirdPersonExampleMap:PersistentLevel.ThirdPersonExampleMap'
[2018.04.08-06.39.49:991][474]LogBlueprintUserMessages: Early EndPlayMap Detection: Level '/Game/ThirdPersonBP/Maps/ThirdPersonExampleMap.ThirdPersonExampleMap:PersistentLevel' has LevelScriptBlueprint '/Game/ThirdPersonBP/Maps/ThirdPersonExampleMap.ThirdPersonExampleMap:PersistentLevel.ThirdPersonExampleMap' with GeneratedClass '/Game/ThirdPersonBP/Maps/ThirdPersonExampleMap.ThirdPersonExampleMap_C' with ClassGeneratedBy '/Game/ThirdPersonBP/Maps/ThirdPersonExampleMap.ThirdPersonExampleMap:PersistentLevel.ThirdPersonExampleMap'
[2018.04.08-06.39.50:096][474]LogBlueprintUserMessages: Late EndPlayMap Detection: Level '/Game/ThirdPersonBP/Maps/ThirdPersonExampleMap.ThirdPersonExampleMap:PersistentLevel' has LevelScriptBlueprint '/Game/ThirdPersonBP/Maps/ThirdPersonExampleMap.ThirdPersonExampleMap:PersistentLevel.ThirdPersonExampleMap' with GeneratedClass '/Game/ThirdPersonBP/Maps/ThirdPersonExampleMap.ThirdPersonExampleMap_C' with ClassGeneratedBy '/Game/ThirdPersonBP/Maps/ThirdPersonExampleMap.ThirdPersonExampleMap:PersistentLevel.ThirdPersonExampleMap'
[2018.04.08-06.39.51:873][528]LogSlate: FSceneViewport::OnFocusLost() reason 0
[2018.04.08-06.39.52:375][532]LogSavePackage: Save=204.93ms
[2018.04.08-06.39.52:375][532]LogSavePackage: Moving 'C:/Users/Student/Desktop/Games and extra/School/Unreal/UnrealTutorial/Saved/ThirdPersonExampleMap7357F574467C8935B8E5F99B652A99FA.tmp' to 'C:/Users/Student/Desktop/Games and extra/School/Unreal/UnrealTutorial/Content/ThirdPersonBP/Maps/ThirdPersonExampleMap.umap'
[2018.04.08-06.39.52:386][532]LogSavePackage: Display: Finished SavePackage C:/Users/Student/Desktop/Games and extra/School/Unreal/UnrealTutorial/Content/ThirdPersonBP/Maps/ThirdPersonExampleMap.umap
[2018.04.08-06.39.52:867][532]LogSavePackage: Save=420.28ms
[2018.04.08-06.39.52:867][532]LogSavePackage: Moving 'C:/Users/Student/Desktop/Games and extra/School/Unreal/UnrealTutorial/Saved/ThirdPersonExampleMap_BuiltData127F0E274610CC92EFAA72BA92D6B663.tmp' to 'C:/Users/Student/Desktop/Games and extra/School/Unreal/UnrealTutorial/Content/ThirdPersonBP/Maps/ThirdPersonExampleMap_BuiltData.uasset'
[2018.04.08-06.39.52:875][532]LogSavePackage: Display: Finished SavePackage C:/Users/Student/Desktop/Games and extra/School/Unreal/UnrealTutorial/Content/ThirdPersonBP/Maps/ThirdPersonExampleMap_BuiltData.uasset
[2018.04.08-06.39.59:529][766]LogSlate: FSceneViewport::OnFocusLost() reason 0
[2018.04.08-06.39.59:958][770]LogSavePackage: Save=201.54ms
[2018.04.08-06.39.59:958][770]LogSavePackage: Moving 'C:/Users/Student/Desktop/Games and extra/School/Unreal/UnrealTutorial/Saved/ThirdPersonExampleMapC5DAB2B9473A1B0D3A4BBE8FED8E96C5.tmp' to 'C:/Users/Student/Desktop/Games and extra/School/Unreal/UnrealTutorial/Content/ThirdPersonBP/Maps/ThirdPersonExampleMap.umap'
[2018.04.08-06.39.59:982][770]LogSavePackage: Display: Finished SavePackage C:/Users/Student/Desktop/Games and extra/School/Unreal/UnrealTutorial/Content/ThirdPersonBP/Maps/ThirdPersonExampleMap.umap
[2018.04.08-06.40.00:453][770]LogSavePackage: Save=415.17ms
[2018.04.08-06.40.00:453][770]LogSavePackage: Moving 'C:/Users/Student/Desktop/Games and extra/School/Unreal/UnrealTutorial/Saved/ThirdPersonExampleMap_BuiltData0CA28A274A6C2685DB1E7687A767C79E.tmp' to 'C:/Users/Student/Desktop/Games and extra/School/Unreal/UnrealTutorial/Content/ThirdPersonBP/Maps/ThirdPersonExampleMap_BuiltData.uasset'
[2018.04.08-06.40.00:458][770]LogSavePackage: Display: Finished SavePackage C:/Users/Student/Desktop/Games and extra/School/Unreal/UnrealTutorial/Content/ThirdPersonBP/Maps/ThirdPersonExampleMap_BuiltData.uasset
[2018.04.08-06.41.09:300][460]LogSlate: Window 'UnrealTutorial - Unreal Editor' being destroyed
[2018.04.08-06.41.09:699][461]Cmd: QUIT_EDITOR
[2018.04.08-06.41.10:343][461]LogWindowsTextInputMethodSystem: Display: IME system now deactivated.
[2018.04.08-06.41.10:491][461]LogSlate: Slate User Destroyed.  User Index 0, Is Virtual User: 0
[2018.04.08-06.41.10:505][461]LogExit: Preparing to exit.
[2018.04.08-06.41.11:749][461]LogExit: Editor shut down
[2018.04.08-06.41.11:754][461]LogExit: Transaction tracking system shut down
[2018.04.08-06.41.11:956][461]LogDirectoryWatcher: A directory notification for '../../../Engine/Content/' was aborted.
[2018.04.08-06.41.11:956][461]LogDirectoryWatcher: A directory notification for 'C:/Users/Student/Desktop/Games and extra/School/Unreal/UnrealTutorial/Content/' was aborted.
[2018.04.08-06.41.11:956][461]LogDirectoryWatcher: A directory notification for '../../Plugins/2D/Paper2D/Content/' was aborted.
[2018.04.08-06.41.11:956][461]LogDirectoryWatcher: A directory notification for '../../Plugins/Enterprise/DatasmithContent/Content/' was aborted.
[2018.04.08-06.41.11:956][461]LogDirectoryWatcher: A directory notification for '../../Plugins/Media/MediaCompositing/Content/' was aborted.
[2018.04.08-06.41.11:956][461]LogDirectoryWatcher: A directory notification for '../../Plugins/Runtime/AppleARKit/Content/' was aborted.
[2018.04.08-06.41.11:956][461]LogDirectoryWatcher: A directory notification for '../../Plugins/Runtime/Oculus/OculusVR/Content/' was aborted.
[2018.04.08-06.41.11:956][461]LogDirectoryWatcher: A directory notification for '../../Plugins/Runtime/Steam/SteamVR/Content/' was aborted.
[2018.04.08-06.41.13:350][461]LogExit: Object subsystem successfully closed.
[2018.04.08-06.41.13:394][461]LogShaderCompilers: Display: Shaders left to compile 0
[2018.04.08-06.41.13:412][461]LogD3D11RHI: Shutdown
[2018.04.08-06.41.13:412][461]LogD3D11RHI: CleanupD3DDevice
[2018.04.08-06.41.13:468][461]LogD3D11RHI: ~FD3D11DynamicRHI
[2018.04.08-06.41.14:935][461]LogModuleManager: Shutting down and abandoning module MovieSceneCapture (580)
[2018.04.08-06.41.14:935][461]LogModuleManager: Shutting down and abandoning module HierarchicalLODUtilities (578)
[2018.04.08-06.41.14:935][461]LogModuleManager: Shutting down and abandoning module BlueprintGraph (576)
[2018.04.08-06.41.14:935][461]LogModuleManager: Shutting down and abandoning module HierarchicalLODOutliner (574)
[2018.04.08-06.41.14:935][461]LogModuleManager: Shutting down and abandoning module SceneOutliner (572)
[2018.04.08-06.41.14:935][461]LogModuleManager: Shutting down and abandoning module AddContentDialog (570)
[2018.04.08-06.41.14:955][461]LogDirectoryWatcher: A directory notification for 'D:/Unreal/UE_4.19/FeaturePacks/' was aborted.
[2018.04.08-06.41.14:967][461]LogModuleManager: Shutting down and abandoning module WidgetCarousel (569)
[2018.04.08-06.41.14:967][461]LogModuleManager: Shutting down and abandoning module EditorWidgets (566)
[2018.04.08-06.41.14:967][461]LogModuleManager: Shutting down and abandoning module CollectionManager (564)
[2018.04.08-06.41.15:028][461]LogDirectoryWatcher: A directory notification for 'C:/Users/Student/Desktop/Games and extra/School/Unreal/UnrealTutorial/Content/Collections/' was aborted.
[2018.04.08-06.41.15:028][461]LogDirectoryWatcher: A directory notification for 'C:/Users/Student/Desktop/Games and extra/School/Unreal/UnrealTutorial/Content/Developers/Student/Collections/' was aborted.
[2018.04.08-06.41.15:028][461]LogDirectoryWatcher: A directory notification for 'C:/Users/Student/Desktop/Games and extra/School/Unreal/UnrealTutorial/Saved/Collections/' was aborted.
[2018.04.08-06.41.15:028][461]LogModuleManager: Shutting down and abandoning module StatsViewer (562)
[2018.04.08-06.41.15:087][461]LogModuleManager: Shutting down and abandoning module FoliageEdit (560)
[2018.04.08-06.41.15:087][461]LogModuleManager: Shutting down and abandoning module LandscapeEditor (558)
[2018.04.08-06.41.15:100][461]LogModuleManager: Shutting down and abandoning module MeshPaintMode (556)
[2018.04.08-06.41.15:116][461]LogModuleManager: Shutting down and abandoning module SceneDepthPickerMode (554)
[2018.04.08-06.41.15:116][461]LogModuleManager: Shutting down and abandoning module ActorPickerMode (552)
[2018.04.08-06.41.15:116][461]LogModuleManager: Shutting down and abandoning module GeometryMode (550)
[2018.04.08-06.41.15:129][461]LogModuleManager: Shutting down and abandoning module TextureAlignMode (548)
[2018.04.08-06.41.15:129][461]LogModuleManager: Shutting down and abandoning module BspMode (546)
[2018.04.08-06.41.15:129][461]LogModuleManager: Shutting down and abandoning module PIEPreviewDeviceProfileSelector (544)
[2018.04.08-06.41.15:129][461]LogModuleManager: Shutting down and abandoning module HardwareSurvey (542)
[2018.04.08-06.41.15:129][461]LogModuleManager: Shutting down and abandoning module SequenceRecorderSections (540)
[2018.04.08-06.41.15:129][461]LogModuleManager: Shutting down and abandoning module AutomationWorker (538)
[2018.04.08-06.41.15:129][461]LogModuleManager: Shutting down and abandoning module AudioCaptureEditor (536)
[2018.04.08-06.41.15:129][461]LogModuleManager: Shutting down and abandoning module SequenceRecorder (535)
[2018.04.08-06.41.15:142][461]LogModuleManager: Shutting down and abandoning module MatineeToLevelSequence (532)
[2018.04.08-06.41.15:142][461]LogModuleManager: Shutting down and abandoning module LevelSequenceEditor (530)
[2018.04.08-06.41.15:222][461]LogModuleManager: Shutting down and abandoning module PlacementMode (529)
[2018.04.08-06.41.15:223][461]LogModuleManager: Shutting down and abandoning module MaterialEditor (528)
[2018.04.08-06.41.15:474][461]LogModuleManager: Shutting down and abandoning module WmfMediaFactory (524)
[2018.04.08-06.41.15:474][461]LogModuleManager: Shutting down and abandoning module WmfMediaEditor (522)
[2018.04.08-06.41.15:474][461]LogModuleManager: Shutting down and abandoning module MediaPlayerEditor (520)
[2018.04.08-06.41.15:715][461]LogModuleManager: Shutting down and abandoning module OpenExrWrapper (518)
[2018.04.08-06.41.15:715][461]LogModuleManager: Shutting down and abandoning module ImgMediaFactory (516)
[2018.04.08-06.41.15:715][461]LogModuleManager: Shutting down and abandoning module ImgMediaEditor (514)
[2018.04.08-06.41.15:715][461]LogModuleManager: Shutting down and abandoning module AvfMediaFactory (512)
[2018.04.08-06.41.15:715][461]LogModuleManager: Shutting down and abandoning module AvfMediaEditor (510)
[2018.04.08-06.41.15:715][461]LogModuleManager: Shutting down and abandoning module AndroidMediaFactory (508)
[2018.04.08-06.41.15:715][461]LogModuleManager: Shutting down and abandoning module AndroidMediaEditor (506)
[2018.04.08-06.41.15:715][461]LogModuleManager: Shutting down and abandoning module CharacterAI (504)
[2018.04.08-06.41.15:715][461]LogModuleManager: Shutting down and abandoning module SmartSnapping (502)
[2018.04.08-06.41.15:715][461]LogModuleManager: Shutting down and abandoning module SessionServices (500)
[2018.04.08-06.41.15:715][461]LogModuleManager: Shutting down and abandoning module ViewportSnapping (498)
[2018.04.08-06.41.15:715][461]LogModuleManager: Shutting down and abandoning module ViewportInteraction (496)
[2018.04.08-06.41.15:715][461]LogModuleManager: Shutting down and abandoning module ClothPainter (494)
[2018.04.08-06.41.16:372][461]LogModuleManager: Shutting down and abandoning module SkeletalMeshEditor (493)
[2018.04.08-06.41.16:469][461]LogModuleManager: Shutting down and abandoning module LogVisualizer (490)
[2018.04.08-06.41.16:515][461]LogModuleManager: Shutting down and abandoning module IntroTutorials (488)
[2018.04.08-06.41.16:554][461]LogModuleManager: Shutting down and abandoning module GameProjectGeneration (487)
[2018.04.08-06.41.16:578][461]LogModuleManager: Shutting down and abandoning module IOSPlatformEditor (484)
[2018.04.08-06.41.16:598][461]LogModuleManager: Shutting down and abandoning module HTML5PlatformEditor (482)
[2018.04.08-06.41.16:599][461]LogModuleManager: Shutting down and abandoning module AndroidPlatformEditor (480)
[2018.04.08-06.41.16:599][461]LogModuleManager: Shutting down and abandoning module AndroidDeviceDetection (479)
[2018.04.08-06.41.17:327][461]LogModuleManager: Shutting down and abandoning module WindowsPlatformEditor (476)
[2018.04.08-06.41.17:327][461]LogModuleManager: Shutting down and abandoning module IOSRuntimeSettings (474)
[2018.04.08-06.41.17:327][461]LogModuleManager: Shutting down and abandoning module AndroidRuntimeSettings (472)
[2018.04.08-06.41.17:327][461]LogModuleManager: Shutting down and abandoning module InputBindingEditor (470)
[2018.04.08-06.41.17:346][461]LogModuleManager: Shutting down and abandoning module MergeActors (468)
[2018.04.08-06.41.17:491][461]LogModuleManager: Shutting down and abandoning module LocalizationDashboard (466)
[2018.04.08-06.41.17:544][461]LogModuleManager: Shutting down and abandoning module LocalizationService (465)
[2018.04.08-06.41.17:553][461]LogModuleManager: Shutting down and abandoning module HardwareTargeting (462)
[2018.04.08-06.41.17:553][461]LogModuleManager: Shutting down and abandoning module DeviceProfileEditor (460)
[2018.04.08-06.41.17:561][461]LogModuleManager: Shutting down and abandoning module UndoHistory (458)
[2018.04.08-06.41.17:561][461]LogModuleManager: Shutting down and abandoning module XmlParser (456)
[2018.04.08-06.41.17:561][461]LogModuleManager: Shutting down and abandoning module Blutility (454)
[2018.04.08-06.41.17:561][461]LogModuleManager: Shutting down and abandoning module ProjectSettingsViewer (452)
[2018.04.08-06.41.17:561][461]LogModuleManager: Shutting down and abandoning module ProjectTargetPlatformEditor (451)
[2018.04.08-06.41.17:561][461]LogModuleManager: Shutting down and abandoning module EditorSettingsViewer (448)
[2018.04.08-06.41.17:562][461]LogModuleManager: Shutting down and abandoning module SettingsEditor (446)
[2018.04.08-06.41.17:583][461]LogModuleManager: Shutting down and abandoning module ProjectLauncher (444)
[2018.04.08-06.41.17:598][461]LogModuleManager: Shutting down and abandoning module SessionFrontend (442)
[2018.04.08-06.41.17:615][461]LogModuleManager: Shutting down and abandoning module ProfilerClient (440)
[2018.04.08-06.41.17:633][461]LogModuleManager: Shutting down and abandoning module DeviceManager (438)
[2018.04.08-06.41.17:684][461]LogModuleManager: Shutting down and abandoning module TargetDeviceServices (437)
[2018.04.08-06.41.17:750][461]LogModuleManager: Shutting down and abandoning module AutomationController (434)
[2018.04.08-06.41.17:779][461]LogModuleManager: Shutting down and abandoning module AutomationWindow (432)
[2018.04.08-06.41.17:791][461]LogModuleManager: Shutting down and abandoning module Layers (430)
[2018.04.08-06.41.17:826][461]LogModuleManager: Shutting down and abandoning module ComponentVisualizers (428)
[2018.04.08-06.41.17:826][461]LogModuleManager: Shutting down and abandoning module DetailCustomizations (426)
[2018.04.08-06.41.17:845][461]LogModuleManager: Shutting down and abandoning module PackagesDialog (424)
[2018.04.08-06.41.17:846][461]LogModuleManager: Shutting down and abandoning module Persona (422)
[2018.04.08-06.41.17:856][461]LogModuleManager: Shutting down and abandoning module AdvancedPreviewScene (421)
[2018.04.08-06.41.17:856][461]LogModuleManager: Shutting down and abandoning module AnimGraph (419)
[2018.04.08-06.41.17:856][461]LogModuleManager: Shutting down and abandoning module Kismet (416)
[2018.04.08-06.41.17:882][461]LogModuleManager: Shutting down and abandoning module GraphEditor (414)
[2018.04.08-06.41.17:882][461]LogModuleManager: Shutting down and abandoning module ClassViewer (412)
[2018.04.08-06.41.17:882][461]LogModuleManager: Shutting down and abandoning module Toolbox (410)
[2018.04.08-06.41.17:882][461]LogModuleManager: Shutting down and abandoning module ModuleUI (408)
[2018.04.08-06.41.17:896][461]LogModuleManager: Shutting down and abandoning module MovieSceneTools (406)
[2018.04.08-06.41.17:920][461]LogModuleManager: Shutting down and abandoning module OutputLog (404)
[2018.04.08-06.41.17:920][461]LogModuleManager: Shutting down and abandoning module GammaUI (402)
[2018.04.08-06.41.17:927][461]LogModuleManager: Shutting down and abandoning module Documentation (400)
[2018.04.08-06.41.17:927][461]LogModuleManager: Shutting down and abandoning module MovieSceneTracks (398)
[2018.04.08-06.41.17:927][461]LogModuleManager: Shutting down and abandoning module MovieScene (396)
[2018.04.08-06.41.17:928][461]LogModuleManager: Shutting down and abandoning module StreamingPauseRendering (394)
[2018.04.08-06.41.17:928][461]LogModuleManager: Shutting down and abandoning module LauncherPlatform (392)
[2018.04.08-06.41.17:928][461]LogModuleManager: Shutting down and abandoning module AnalyticsET (390)
[2018.04.08-06.41.17:928][461]LogModuleManager: Shutting down and abandoning module PortalServices (388)
[2018.04.08-06.41.17:928][461]LogModuleManager: Shutting down and abandoning module PortalRpc (386)
[2018.04.08-06.41.17:928][461]LogModuleManager: Shutting down and abandoning module MessagingRpc (384)
[2018.04.08-06.41.17:928][461]LogModuleManager: Shutting down and abandoning module AIModule (382)
[2018.04.08-06.41.17:928][461]LogModuleManager: Shutting down and abandoning module GameplayDebugger (381)
[2018.04.08-06.41.17:928][461]LogModuleManager: Shutting down and abandoning module AITestSuite (379)
[2018.04.08-06.41.17:940][461]LogModuleManager: Shutting down and abandoning module DesktopPlatform (376)
[2018.04.08-06.41.17:954][461]LogModuleManager: Shutting down and abandoning module ProfilerService (374)
[2018.04.08-06.41.18:064][461]LogModuleManager: Shutting down and abandoning module TaskGraph (372)
[2018.04.08-06.41.18:098][461]LogModuleManager: Shutting down and abandoning module SteamVRController (370)
[2018.04.08-06.41.18:098][461]LogModuleManager: Shutting down and abandoning module ProceduralMeshComponentEditor (368)
[2018.04.08-06.41.18:098][461]LogModuleManager: Shutting down and abandoning module ProceduralMeshComponent (366)
[2018.04.08-06.41.18:113][461]LogModuleManager: Shutting down and abandoning module OculusInput (364)
[2018.04.08-06.41.18:113][461]LogModuleManager: Shutting down and abandoning module MobilePatchingUtils (362)
[2018.04.08-06.41.18:113][461]LogModuleManager: Shutting down and abandoning module CustomMeshComponent (360)
[2018.04.08-06.41.18:113][461]LogModuleManager: Shutting down and abandoning module CableComponent (358)
[2018.04.08-06.41.18:113][461]LogModuleManager: Shutting down and abandoning module AudioCapture (356)
[2018.04.08-06.41.18:113][461]LogModuleManager: Shutting down and abandoning module ArchVisCharacter (354)
[2018.04.08-06.41.18:113][461]LogModuleManager: Shutting down and abandoning module AndroidPermission (352)
[2018.04.08-06.41.18:113][461]LogModuleManager: Shutting down and abandoning module NUTUnrealEngine4 (348)
[2018.04.08-06.41.18:113][461]LogModuleManager: Shutting down and abandoning module NetcodeUnitTest (346)
[2018.04.08-06.41.18:147][461]LogModuleManager: Shutting down and abandoning module MediaCompositingEditor (344)
[2018.04.08-06.41.18:147][461]LogModuleManager: Shutting down and abandoning module MediaCompositing (342)
[2018.04.08-06.41.18:147][461]LogModuleManager: Shutting down and abandoning module LinearTimecode (340)
[2018.04.08-06.41.18:147][461]LogModuleManager: Shutting down and abandoning module ImgMedia (338)
[2018.04.08-06.41.18:172][461]LogModuleManager: Shutting down and abandoning module HTML5Networking (336)
[2018.04.08-06.41.18:172][461]LogModuleManager: Shutting down and abandoning module AlembicImporter (334)
[2018.04.08-06.41.18:190][461]LogModuleManager: Shutting down and abandoning module AlembicLibrary (333)
[2018.04.08-06.41.18:190][461]LogModuleManager: Shutting down and abandoning module GeometryCache (332)
[2018.04.08-06.41.18:190][461]LogModuleManager: Shutting down and abandoning module GeometryCacheEd (331)
[2018.04.08-06.41.18:190][461]LogModuleManager: Shutting down and abandoning module DatasmithContent (326)
[2018.04.08-06.41.18:190][461]LogModuleManager: Shutting down and abandoning module SpeedTreeImporter (324)
[2018.04.08-06.41.18:190][461]LogModuleManager: Shutting down and abandoning module PluginBrowser (322)
[2018.04.08-06.41.18:205][461]LogModuleManager: Shutting down and abandoning module MobileLauncherProfileWizard (320)
[2018.04.08-06.41.18:213][461]LogModuleManager: Shutting down and abandoning module CryptoKeysOpenSSL (318)
[2018.04.08-06.41.18:223][461]LogModuleManager: Shutting down and abandoning module CryptoKeys (316)
[2018.04.08-06.41.18:223][461]LogModuleManager: Shutting down and abandoning module VisualStudioSourceCodeAccess (314)
[2018.04.08-06.41.18:223][461]LogModuleManager: Shutting down and abandoning module VisualStudioCodeSourceCodeAccess (312)
[2018.04.08-06.41.18:223][461]LogModuleManager: Shutting down and abandoning module UObjectPlugin (310)
[2018.04.08-06.41.18:223][461]LogModuleManager: Shutting down and abandoning module SubversionSourceControl (308)
[2018.04.08-06.41.18:230][461]LogModuleManager: Shutting down and abandoning module PerforceSourceControl (306)
[2018.04.08-06.41.18:244][461]LogModuleManager: Shutting down and abandoning module GitSourceControl (304)
[2018.04.08-06.41.18:251][461]LogModuleManager: Shutting down and abandoning module SourceControl (303)
[2018.04.08-06.41.18:265][461]LogModuleManager: Shutting down and abandoning module CLionSourceCodeAccess (300)
[2018.04.08-06.41.18:265][461]LogModuleManager: Shutting down and abandoning module LightPropagationVolumeEditor (298)
[2018.04.08-06.41.18:265][461]LogModuleManager: Shutting down and abandoning module PaperTiledImporter (296)
[2018.04.08-06.41.18:265][461]LogModuleManager: Shutting down and abandoning module PaperSpriteSheetImporter (294)
[2018.04.08-06.41.18:265][461]LogModuleManager: Shutting down and abandoning module Paper2DEditor (292)
[2018.04.08-06.41.18:279][461]LogModuleManager: Shutting down and abandoning module MeshPaint (291)
[2018.04.08-06.41.18:298][461]LogModuleManager: Shutting down and abandoning module RuntimePhysXCooking (288)
[2018.04.08-06.41.18:298][461]LogModuleManager: Shutting down and abandoning module PhysXVehiclesEditor (286)
[2018.04.08-06.41.18:298][461]LogModuleManager: Shutting down and abandoning module PhysXVehicles (284)
[2018.04.08-06.41.18:298][461]LogModuleManager: Shutting down and abandoning module OculusEditor (282)
[2018.04.08-06.41.18:298][461]LogModuleManager: Shutting down and abandoning module LocationServicesBPLibrary (280)
[2018.04.08-06.41.18:298][461]LogModuleManager: Shutting down and abandoning module ImmediatePhysicsEditor (278)
[2018.04.08-06.41.18:298][461]LogModuleManager: Shutting down and abandoning module ImmediatePhysics (276)
[2018.04.08-06.41.18:311][461]LogModuleManager: Shutting down and abandoning module ActorSequence (274)
[2018.04.08-06.41.18:311][461]LogModuleManager: Shutting down and abandoning module UdpMessaging (272)
[2018.04.08-06.41.18:442][461]LogModuleManager: Shutting down and abandoning module TcpMessaging (270)
[2018.04.08-06.41.18:552][461]LogModuleManager: Shutting down and abandoning module GameplayTagsEditor (268)
[2018.04.08-06.41.18:573][461]LogModuleManager: Shutting down and abandoning module FacialAnimationEditor (266)
[2018.04.08-06.41.18:573][461]LogModuleManager: Shutting down and abandoning module FacialAnimation (264)
[2018.04.08-06.41.18:573][461]LogModuleManager: Shutting down and abandoning module DataValidation (262)
[2018.04.08-06.41.18:573][461]LogModuleManager: Shutting down and abandoning module AssetManagerEditor (260)
[2018.04.08-06.41.18:581][461]LogModuleManager: Shutting down and abandoning module LevelEditor (259)
[2018.04.08-06.41.18:597][461]LogModuleManager: Shutting down and abandoning module PixelInspectorModule (258)
[2018.04.08-06.41.18:617][461]LogModuleManager: Shutting down and abandoning module CommonMenuExtensions (256)
[2018.04.08-06.41.18:617][461]LogModuleManager: Shutting down and abandoning module MainFrame (254)
[2018.04.08-06.41.18:617][461]LogModuleManager: Shutting down and abandoning module HotReload (253)
[2018.04.08-06.41.18:637][461]LogModuleManager: Shutting down and abandoning module ContentBrowser (249)
[2018.04.08-06.41.18:639][461]LogModuleManager: Shutting down and abandoning module TreeMap (247)
[2018.04.08-06.41.18:653][461]LogModuleManager: Shutting down and abandoning module LightPropagationVolumeRuntime (244)
[2018.04.08-06.41.18:653][461]LogModuleManager: Shutting down and abandoning module LiveLinkEditor (242)
[2018.04.08-06.41.18:654][461]LogModuleManager: Shutting down and abandoning module LiveLink (240)
[2018.04.08-06.41.18:690][461]LogModuleManager: Shutting down and abandoning module Paper2D (238)
[2018.04.08-06.41.18:715][461]LogModuleManager: Shutting down and abandoning module WindowsMoviePlayer (236)
[2018.04.08-06.41.18:715][461]LogModuleManager: Shutting down and abandoning module WmfMedia (234)
[2018.04.08-06.41.18:736][461]LogModuleManager: Shutting down and abandoning module PacketHandler (232)
[2018.04.08-06.41.18:736][461]LogModuleManager: Shutting down and abandoning module ClothingSystemEditor (230)
[2018.04.08-06.41.18:736][461]LogModuleManager: Shutting down and abandoning module ClothingSystemRuntime (228)
[2018.04.08-06.41.18:762][461]LogModuleManager: Shutting down and abandoning module MediaAssets (226)
[2018.04.08-06.41.18:762][461]LogModuleManager: Shutting down and abandoning module Media (225)
[2018.04.08-06.41.18:768][461]LogModuleManager: Shutting down and abandoning module Overlay (222)
[2018.04.08-06.41.18:768][461]LogModuleManager: Shutting down and abandoning module OverlayEditor (221)
[2018.04.08-06.41.18:768][461]LogModuleManager: Shutting down and abandoning module VREditor (218)
[2018.04.08-06.41.18:791][461]LogModuleManager: Shutting down and abandoning module StringTableEditor (216)
[2018.04.08-06.41.18:791][461]LogModuleManager: Shutting down and abandoning module GameplayTasksEditor (214)
[2018.04.08-06.41.18:791][461]LogModuleManager: Shutting down and abandoning module BehaviorTreeEditor (212)
[2018.04.08-06.41.18:842][461]LogModuleManager: Shutting down and abandoning module FunctionalTesting (210)
[2018.04.08-06.41.18:857][461]LogModuleManager: Shutting down and abandoning module CollisionAnalyzer (208)
[2018.04.08-06.41.18:882][461]LogModuleManager: Shutting down and abandoning module WorkspaceMenuStructure (207)
[2018.04.08-06.41.18:882][461]LogModuleManager: Shutting down and abandoning module UMG (204)
[2018.04.08-06.41.18:902][461]LogModuleManager: Shutting down and abandoning module UMGEditor (203)
[2018.04.08-06.41.18:969][461]LogModuleManager: Shutting down and abandoning module Sequencer (202)
[2018.04.08-06.41.18:984][461]LogModuleManager: Shutting down and abandoning module MessageLog (199)
[2018.04.08-06.41.18:984][461]LogModuleManager: Shutting down and abandoning module SlateReflector (194)
[2018.04.08-06.41.19:016][461]LogModuleManager: Shutting down and abandoning module Slate (192)
[2018.04.08-06.41.19:017][461]LogModuleManager: Shutting down and abandoning module EditorStyle (190)
[2018.04.08-06.41.19:018][461]LogModuleManager: Shutting down and abandoning module MRMesh (188)
[2018.04.08-06.41.19:018][461]LogModuleManager: Shutting down and abandoning module SourceCodeAccess (186)
[2018.04.08-06.41.19:018][461]LogModuleManager: Shutting down and abandoning module HeadMountedDisplay (184)
[2018.04.08-06.41.19:018][461]LogModuleManager: Shutting down and abandoning module XAudio2 (182)
[2018.04.08-06.41.19:018][461]LogModuleManager: Shutting down and abandoning module Networking (180)
[2018.04.08-06.41.19:018][461]LogModuleManager: Shutting down and abandoning module Core (178)
[2018.04.08-06.41.19:018][461]LogModuleManager: Shutting down and abandoning module LevelSequence (176)
[2018.04.08-06.41.19:031][461]LogModuleManager: Shutting down and abandoning module KismetCompiler (174)
[2018.04.08-06.41.19:031][461]LogModuleManager: Shutting down and abandoning module MeshUtilities (172)
[2018.04.08-06.41.19:050][461]LogModuleManager: Shutting down and abandoning module MeshMergeUtilities (171)
[2018.04.08-06.41.19:050][461]LogModuleManager: Shutting down and abandoning module MeshReductionInterface (170)
[2018.04.08-06.41.19:050][461]LogModuleManager: Shutting down and abandoning module SimplygonSwarm (169)
[2018.04.08-06.41.19:065][461]LogModuleManager: Shutting down and abandoning module SimplygonMeshReduction (167)
[2018.04.08-06.41.19:071][461]LogModuleManager: Shutting down and abandoning module QuadricMeshReduction (165)
[2018.04.08-06.41.19:071][461]LogModuleManager: Shutting down and abandoning module MaterialBaking (161)
[2018.04.08-06.41.19:077][461]LogModuleManager: Shutting down and abandoning module DirectoryWatcher (157)
[2018.04.08-06.41.19:078][461]LogModuleManager: Shutting down and abandoning module DerivedDataCache (154)
[2018.04.08-06.41.19:096][461]LogDerivedDataCache: Shutdown
[2018.04.08-06.41.19:096][461]LogModuleManager: Shutting down and abandoning module XGEController (152)
[2018.04.08-06.41.19:096][461]LogXGEController: Cleaning working directory: C:/Users/Student/AppData/Local/Temp/UnrealXGEWorkingDir/
[2018.04.08-06.41.19:097][461]LogModuleManager: Shutting down and abandoning module TargetPlatform (150)
[2018.04.08-06.41.19:097][461]LogModuleManager: Shutting down and abandoning module VulkanShaderFormat (149)
[2018.04.08-06.41.19:113][461]LogModuleManager: Shutting down and abandoning module ShaderFormatVectorVM (147)
[2018.04.08-06.41.19:125][461]LogModuleManager: Shutting down and abandoning module ShaderFormatOpenGL (145)
[2018.04.08-06.41.19:134][461]LogModuleManager: Shutting down and abandoning module ShaderFormatD3D (143)
[2018.04.08-06.41.19:134][461]LogModuleManager: Shutting down and abandoning module MetalShaderFormat (141)
[2018.04.08-06.41.19:156][461]LogModuleManager: Shutting down and abandoning module TextureFormatUncompressed (139)
[2018.04.08-06.41.19:156][461]LogModuleManager: Shutting down and abandoning module TextureFormatPVR (137)
[2018.04.08-06.41.19:156][461]LogModuleManager: Shutting down and abandoning module TextureFormatDXT (135)
[2018.04.08-06.41.19:156][461]LogModuleManager: Shutting down and abandoning module TextureFormatIntelISPCTexComp (133)
[2018.04.08-06.41.19:157][461]LogModuleManager: Shutting down and abandoning module TextureFormatASTC (131)
[2018.04.08-06.41.19:157][461]LogModuleManager: Shutting down and abandoning module ImageWrapper (130)
[2018.04.08-06.41.19:157][461]LogModuleManager: Shutting down and abandoning module TextureFormatAndroid (127)
[2018.04.08-06.41.19:157][461]LogModuleManager: Shutting down and abandoning module AudioFormatOpus (125)
[2018.04.08-06.41.19:157][461]LogModuleManager: Shutting down and abandoning module AudioFormatOgg (123)
[2018.04.08-06.41.19:157][461]LogModuleManager: Shutting down and abandoning module AudioFormatADPCM (121)
[2018.04.08-06.41.19:157][461]LogModuleManager: Shutting down and abandoning module LinuxTargetPlatform (119)
[2018.04.08-06.41.19:157][461]LogModuleManager: Shutting down and abandoning module LinuxServerTargetPlatform (117)
[2018.04.08-06.41.19:157][461]LogModuleManager: Shutting down and abandoning module LinuxNoEditorTargetPlatform (115)
[2018.04.08-06.41.19:157][461]LogModuleManager: Shutting down and abandoning module LinuxClientTargetPlatform (113)
[2018.04.08-06.41.19:157][461]LogModuleManager: Shutting down and abandoning module TVOSTargetPlatform (111)
[2018.04.08-06.41.19:157][461]LogModuleManager: Shutting down and abandoning module Messaging (109)
[2018.04.08-06.41.19:157][461]LogModuleManager: Shutting down and abandoning module IOSTargetPlatform (107)
[2018.04.08-06.41.19:157][461]LogModuleManager: Shutting down and abandoning module HTML5TargetPlatform (105)
[2018.04.08-06.41.19:157][461]LogModuleManager: Shutting down and abandoning module AndroidTargetPlatform (103)
[2018.04.08-06.41.19:157][461]LogModuleManager: Shutting down and abandoning module Android_PVRTCTargetPlatform (101)
[2018.04.08-06.41.19:157][461]LogModuleManager: Shutting down and abandoning module Android_MultiTargetPlatform (99)
[2018.04.08-06.41.19:157][461]LogModuleManager: Shutting down and abandoning module Android_ETC2TargetPlatform (97)
[2018.04.08-06.41.19:157][461]LogModuleManager: Shutting down and abandoning module Android_ETC1TargetPlatform (95)
[2018.04.08-06.41.19:157][461]LogModuleManager: Shutting down and abandoning module Android_ETC1aTargetPlatform (93)
[2018.04.08-06.41.19:157][461]LogModuleManager: Shutting down and abandoning module Android_DXTTargetPlatform (91)
[2018.04.08-06.41.19:157][461]LogModuleManager: Shutting down and abandoning module Android_ATCTargetPlatform (89)
[2018.04.08-06.41.19:157][461]LogModuleManager: Shutting down and abandoning module Android_ASTCTargetPlatform (87)
[2018.04.08-06.41.19:157][461]LogModuleManager: Shutting down and abandoning module WindowsTargetPlatform (85)
[2018.04.08-06.41.19:157][461]LogModuleManager: Shutting down and abandoning module WindowsServerTargetPlatform (83)
[2018.04.08-06.41.19:157][461]LogModuleManager: Shutting down and abandoning module WindowsNoEditorTargetPlatform (81)
[2018.04.08-06.41.19:157][461]LogModuleManager: Shutting down and abandoning module WindowsClientTargetPlatform (79)
[2018.04.08-06.41.19:157][461]LogModuleManager: Shutting down and abandoning module MacTargetPlatform (77)
[2018.04.08-06.41.19:157][461]LogModuleManager: Shutting down and abandoning module MacServerTargetPlatform (75)
[2018.04.08-06.41.19:157][461]LogModuleManager: Shutting down and abandoning module MacNoEditorTargetPlatform (73)
[2018.04.08-06.41.19:157][461]LogModuleManager: Shutting down and abandoning module MacClientTargetPlatform (71)
[2018.04.08-06.41.19:157][461]LogModuleManager: Shutting down and abandoning module AllDesktopTargetPlatform (69)
[2018.04.08-06.41.19:157][461]LogModuleManager: Shutting down and abandoning module InputCore (66)
[2018.04.08-06.41.19:157][461]LogModuleManager: Shutting down and abandoning module Settings (64)
[2018.04.08-06.41.19:157][461]LogModuleManager: Shutting down and abandoning module PhysXCooking (62)
[2018.04.08-06.41.19:157][461]LogModuleManager: Shutting down and abandoning module SteamVR (60)
[2018.04.08-06.41.19:157][461]LogModuleManager: Shutting down and abandoning module OculusHMD (58)
[2018.04.08-06.41.19:177][461]LogModuleManager: Shutting down and abandoning module ExampleDeviceProfileSelector (56)
[2018.04.08-06.41.19:177][461]LogModuleManager: Shutting down and abandoning module AppleARKit (54)
[2018.04.08-06.41.19:177][461]LogModuleManager: Shutting down and abandoning module AugmentedReality (51)
[2018.04.08-06.41.19:177][461]LogModuleManager: Shutting down and abandoning module OnlineBlueprintSupport (48)
[2018.04.08-06.41.19:177][461]LogModuleManager: Shutting down and abandoning module OnlineSubsystem (44)
[2018.04.08-06.41.19:211][461]LogModuleManager: Shutting down and abandoning module XMPP (43)
[2018.04.08-06.41.19:231][461]LogModuleManager: Shutting down and abandoning module HTTP (41)
[2018.04.08-06.41.19:249][461]LogHttp: Display: Http module shutting down, but needs to wait on 1 outstanding Http requests:
[2018.04.08-06.41.19:249][461]LogHttp: Display: 	verb=[POST] url=[https://datarouter.ol.epicgames.com/datarouter/api/v1/public/data?SessionID=%7B9919EE98-4B53-CBDE-D19E-5C976EDD8B72%7D&AppID=UEEditor.Rocket.Release&AppVersion=4.19.0-3944462%2B%2B%2BUE4%2BRelease-4.19&UserID=dc4fc6824f0e0c46616ae48ce7a8da1a%7Cffd272145e06426b8f2be0be1989a6ca%7C94e077cc-ff8c-40c9-8511-145e8c714330&AppEnvironment=datacollector-binary&UploadType=eteventstream] status=Processing
[2018.04.08-06.41.19:265][461]LogModuleManager: Shutting down and abandoning module SSL (40)
[2018.04.08-06.41.19:287][461]LogModuleManager: Shutting down and abandoning module AnimationModifiers (36)
[2018.04.08-06.41.19:305][461]LogModuleManager: Shutting down and abandoning module PropertyEditor (35)
[2018.04.08-06.41.19:321][461]LogModuleManager: Shutting down and abandoning module AudioEditor (32)
[2018.04.08-06.41.19:351][461]LogModuleManager: Shutting down and abandoning module TextureCompressor (30)
[2018.04.08-06.41.19:382][461]LogModuleManager: Shutting down and abandoning module ShaderCore (28)
[2018.04.08-06.41.19:382][461]LogModuleManager: Shutting down and abandoning module Landscape (26)
[2018.04.08-06.41.19:382][461]LogModuleManager: Shutting down and abandoning module SlateRHIRenderer (24)
[2018.04.08-06.41.19:417][461]LogModuleManager: Shutting down and abandoning module OpenGLDrv (22)
[2018.04.08-06.41.19:430][461]LogModuleManager: Shutting down and abandoning module D3D11RHI (20)
[2018.04.08-06.41.19:430][461]LogModuleManager: Shutting down and abandoning module AnimGraphRuntime (18)
[2018.04.08-06.41.19:435][461]LogModuleManager: Shutting down and abandoning module Renderer (16)
[2018.04.08-06.41.19:435][461]LogModuleManager: Shutting down and abandoning module Engine (14)
[2018.04.08-06.41.19:435][461]LogModuleManager: Shutting down and abandoning module CoreUObject (12)
[2018.04.08-06.41.19:435][461]LogModuleManager: Shutting down and abandoning module NetworkFile (10)
[2018.04.08-06.41.19:435][461]LogModuleManager: Shutting down and abandoning module CookedIterativeFile (8)
[2018.04.08-06.41.19:435][461]LogModuleManager: Shutting down and abandoning module StreamingFile (6)
[2018.04.08-06.41.19:435][461]LogModuleManager: Shutting down and abandoning module SandboxFile (4)
[2018.04.08-06.41.19:435][461]LogModuleManager: Shutting down and abandoning module PakFile (2)
[2018.04.08-06.41.19:461][461]LogExit: Exiting.
[2018.04.08-06.41.19:477][461]Log file closed, 04/08/18 01:41:19
